Using pre-set license
Built from '2021.3/staging' branch; Version is '2021.3.15f1 (e8e88683f834) revision 15263878'; Using compiler version '192829333'; Build Type 'Release'
OS: 'Windows 11  (10.0.22621) 64bit CoreCountrySpecific' Language: 'zh' Physical Memory: 65154 MB
BatchMode: 1, IsHumanControllingUs: 0, StartBugReporterOnCrash: 0, Is64bit: 1, IsPro: 1

COMMAND LINE ARGUMENTS:
D:\Unity\UnityDifferentVertions\2021.3.15f1\Editor\Unity.exe
-adb2
-batchMode
-noUpm
-name
AssetImportWorker2
-projectPath
C:/Users/Zhangzonshuai/Documents/GitHub/GraduatingGameDesign/GraduatingDesignGame/Journey of Hand
-logFile
Logs/AssetImportWorker2.log
-srvPort
55541
Successfully changed project path to: C:/Users/Zhangzonshuai/Documents/GitHub/GraduatingGameDesign/GraduatingDesignGame/Journey of Hand
C:/Users/Zhangzonshuai/Documents/GitHub/GraduatingGameDesign/GraduatingDesignGame/Journey of Hand
[UnityMemory] Configuration Parameters - Can be set up in boot.config
    "memorysetup-bucket-allocator-granularity=16"
    "memorysetup-bucket-allocator-bucket-count=8"
    "memorysetup-bucket-allocator-block-size=33554432"
    "memorysetup-bucket-allocator-block-count=8"
    "memorysetup-main-allocator-block-size=16777216"
    "memorysetup-thread-allocator-block-size=16777216"
    "memorysetup-gfx-main-allocator-block-size=16777216"
    "memorysetup-gfx-thread-allocator-block-size=16777216"
    "memorysetup-cache-allocator-block-size=4194304"
    "memorysetup-typetree-allocator-block-size=2097152"
    "memorysetup-profiler-bucket-allocator-granularity=16"
    "memorysetup-profiler-bucket-allocator-bucket-count=8"
    "memorysetup-profiler-bucket-allocator-block-size=33554432"
    "memorysetup-profiler-bucket-allocator-block-count=8"
    "memorysetup-profiler-allocator-block-size=16777216"
    "memorysetup-profiler-editor-allocator-block-size=1048576"
    "memorysetup-temp-allocator-size-main=16777216"
    "memorysetup-job-temp-allocator-block-size=2097152"
    "memorysetup-job-temp-allocator-block-size-background=1048576"
    "memorysetup-job-temp-allocator-reduction-small-platforms=262144"
    "memorysetup-temp-allocator-size-background-worker=32768"
    "memorysetup-temp-allocator-size-job-worker=262144"
    "memorysetup-temp-allocator-size-preload-manager=33554432"
    "memorysetup-temp-allocator-size-nav-mesh-worker=65536"
    "memorysetup-temp-allocator-size-audio-worker=65536"
    "memorysetup-temp-allocator-size-cloud-worker=32768"
    "memorysetup-temp-allocator-size-gi-baking-worker=262144"
    "memorysetup-temp-allocator-size-gfx=262144"
Player connection [38920] Host "[IP] 192.168.1.29 [Port] 0 [Flags] 2 [Guid] 1201755055 [EditorId] 1201755055 [Version] 1048832 [Id] WindowsEditor(7,Barry) [Debug] 1 [PackageName] WindowsEditor [ProjectName] Editor" joined multi-casting on [225.0.0.222:54997]...

Player connection [38920] Host "[IP] 192.168.1.29 [Port] 0 [Flags] 2 [Guid] 1201755055 [EditorId] 1201755055 [Version] 1048832 [Id] WindowsEditor(7,Barry) [Debug] 1 [PackageName] WindowsEditor [ProjectName] Editor" joined alternative multi-casting on [225.0.0.222:34997]...

Refreshing native plugins compatible for Editor in 68.76 ms, found 3 plugins.
Preloading 0 native plugins for Editor in 0.00 ms.
Initialize engine version: 2021.3.15f1 (e8e88683f834)
[Subsystems] Discovering subsystems at path D:/Unity/UnityDifferentVertions/2021.3.15f1/Editor/Data/Resources/UnitySubsystems
[Subsystems] Discovering subsystems at path C:/Users/Zhangzonshuai/Documents/GitHub/GraduatingGameDesign/GraduatingDesignGame/Journey of Hand/Assets
GfxDevice: creating device client; threaded=0; jobified=0
Direct3D:
    Version:  Direct3D 11.0 [level 11.1]
    Renderer: NVIDIA GeForce RTX 4080 Laptop GPU (ID=0x27e0)
    Vendor:   NVIDIA
    VRAM:     12011 MB
    Driver:   31.0.15.2866
Initialize mono
Mono path[0] = 'D:/Unity/UnityDifferentVertions/2021.3.15f1/Editor/Data/Managed'
Mono path[1] = 'D:/Unity/UnityDifferentVertions/2021.3.15f1/Editor/Data/MonoBleedingEdge/lib/mono/unityjit-win32'
Mono config path = 'D:/Unity/UnityDifferentVertions/2021.3.15f1/Editor/Data/MonoBleedingEdge/etc'
Using monoOptions --debugger-agent=transport=dt_socket,embedding=1,server=y,suspend=n,address=127.0.0.1:56768
Begin MonoManager ReloadAssembly
Registering precompiled unity dll's ...
Register platform support module: D:/Unity/UnityDifferentVertions/2021.3.15f1/Editor/Data/PlaybackEngines/AndroidPlayer/UnityEditor.Android.Extensions.dll
Register platform support module: D:/Unity/UnityDifferentVertions/2021.3.15f1/Editor/Data/PlaybackEngines/iOSSupport/UnityEditor.iOS.Extensions.dll
Register platform support module: D:/Unity/UnityDifferentVertions/2021.3.15f1/Editor/Data/PlaybackEngines/WindowsStandaloneSupport/UnityEditor.WindowsStandalone.Extensions.dll
Registered in 0.001546 seconds.
Native extension for WindowsStandalone target not found
[usbmuxd] Start listen thread
[usbmuxd] Listen thread started
Native extension for iOS target not found
Native extension for Android target not found
Refreshing native plugins compatible for Editor in 70.40 ms, found 3 plugins.
Preloading 0 native plugins for Editor in 0.00 ms.
Mono: successfully reloaded assembly
- Completed reload, in  0.382 seconds
Domain Reload Profiling:
	ReloadAssembly (383ms)
		BeginReloadAssembly (46ms)
			ExecutionOrderSort (0ms)
			DisableScriptedObjects (0ms)
			BackupInstance (0ms)
			ReleaseScriptingObjects (0ms)
			CreateAndSetChildDomain (0ms)
		EndReloadAssembly (284ms)
			LoadAssemblies (47ms)
			RebuildTransferFunctionScriptingTraits (0ms)
			SetupTypeCache (57ms)
			ReleaseScriptCaches (0ms)
			RebuildScriptCaches (15ms)
			SetupLoadedEditorAssemblies (184ms)
				LogAssemblyErrors (0ms)
				InitializePlatformSupportModulesInManaged (32ms)
				SetLoadedEditorAssemblies (0ms)
				RefreshPlugins (70ms)
				BeforeProcessingInitializeOnLoad (1ms)
				ProcessInitializeOnLoadAttributes (53ms)
				ProcessInitializeOnLoadMethodAttributes (28ms)
				AfterProcessingInitializeOnLoad (0ms)
				EditorAssembliesLoaded (0ms)
			ExecutionOrderSort2 (0ms)
			AwakeInstancesAfterBackupRestoration (0ms)
Platform modules already initialized, skipping
Registering precompiled user dll's ...
Registered in 0.009818 seconds.
Begin MonoManager ReloadAssembly
Symbol file LoadedFromMemory doesn't match image C:\Users\Zhangzonshuai\Documents\GitHub\GraduatingGameDesign\GraduatingDesignGame\Journey of Hand\Library\PackageCache\com.unity.visualscripting@1.7.8\Editor\VisualScripting.Core\Dependencies\YamlDotNet\Unity.VisualScripting.YamlDotNet.dll
Symbol file LoadedFromMemory doesn't match image C:\Users\Zhangzonshuai\Documents\GitHub\GraduatingGameDesign\GraduatingDesignGame\Journey of Hand\Library\PackageCache\com.unity.visualscripting@1.7.8\Editor\VisualScripting.Core\Dependencies\DotNetZip\Unity.VisualScripting.IonicZip.dll
Native extension for WindowsStandalone target not found
Native extension for iOS target not found
Native extension for Android target not found
Refreshing native plugins compatible for Editor in 73.16 ms, found 3 plugins.
Preloading 0 native plugins for Editor in 0.00 ms.
Mono: successfully reloaded assembly
- Completed reload, in  0.951 seconds
Domain Reload Profiling:
	ReloadAssembly (951ms)
		BeginReloadAssembly (180ms)
			ExecutionOrderSort (0ms)
			DisableScriptedObjects (3ms)
			BackupInstance (0ms)
			ReleaseScriptingObjects (0ms)
			CreateAndSetChildDomain (123ms)
		EndReloadAssembly (718ms)
			LoadAssemblies (72ms)
			RebuildTransferFunctionScriptingTraits (0ms)
			SetupTypeCache (153ms)
			ReleaseScriptCaches (0ms)
			RebuildScriptCaches (39ms)
			SetupLoadedEditorAssemblies (434ms)
				LogAssemblyErrors (0ms)
				InitializePlatformSupportModulesInManaged (15ms)
				SetLoadedEditorAssemblies (0ms)
				RefreshPlugins (73ms)
				BeforeProcessingInitializeOnLoad (73ms)
				ProcessInitializeOnLoadAttributes (228ms)
				ProcessInitializeOnLoadMethodAttributes (44ms)
				AfterProcessingInitializeOnLoad (1ms)
				EditorAssembliesLoaded (0ms)
			ExecutionOrderSort2 (0ms)
			AwakeInstancesAfterBackupRestoration (6ms)
Platform modules already initialized, skipping
========================================================================
Worker process is ready to serve import requests
Launched and connected shader compiler UnityShaderCompiler.exe after 0.03 seconds
Refreshing native plugins compatible for Editor in 0.71 ms, found 3 plugins.
Preloading 0 native plugins for Editor in 0.00 ms.
Unloading 5587 Unused Serialized files (Serialized files now loaded: 0)
Unloading 60 unused Assets / (0.9 MB). Loaded Objects now: 6034.
Memory consumption went from 303.2 MB to 302.3 MB.
Total: 2.668500 ms (FindLiveObjects: 0.244500 ms CreateObjectMapping: 0.089000 ms MarkObjects: 2.099900 ms  DeleteObjects: 0.234200 ms)

AssetImportParameters requested are different than current active one (requested -> active):
  custom:video-decoder-ogg-theora: a1e56fd34408186e4bbccfd4996cb3dc -> 
  custom:container-muxer-webm: aa71ff27fc2769a1b78a27578f13a17b -> 
  custom:container-demuxer-webm: 4f35f7cbe854078d1ac9338744f61a02 -> 
  custom:video-encoder-webm-vp8: eb34c28f22e8b96e1ab97ce403110664 -> 
  custom:video-codec-MediaFoundation-h265: 746d11721c4dcdbdad8f713fa42b33f4 -> 
  custom:audio-encoder-webm-vorbis: bf7c407c2cedff20999df2af8eb42d56 -> 
  custom:framework-win-MediaFoundation: 216162199b28c13a410421893ffa2e32 -> 
  custom:container-demuxer-ogg: 62fdf1f143b41e24485cea50d1cbac27 -> 
  custom:video-decoder-webm-vp8: 9c59270c3fd7afecdb556c50c9e8de78 -> 
  custom:audio-decoder-ogg-vorbis: bf7c407c2cedff20999df2af8eb42d56 -> 
========================================================================
Received Import Request.
  Time since last request: 190239.607617 seconds.
  path: Assets/LowPolyGameScene/SimpleLowPolyNature/Prefabs/Flower1.prefab
  artifactKey: Guid(4d1f930728eb81f499eefd1f6d4db221) Importer(815301076,1909f56bfc062723c751e8b465ee728b)
Start importing Assets/LowPolyGameScene/SimpleLowPolyNature/Prefabs/Flower1.prefab using Guid(4d1f930728eb81f499eefd1f6d4db221) Importer(815301076,1909f56bfc062723c751e8b465ee728b)  -> (artifact id: 'ea7b73a6ec536e656373e79decf7952c') in 0.384187 seconds 
========================================================================
Received Import Request.
  Time since last request: 0.000021 seconds.
  path: Assets/LowPolyGameScene/SimpleLowPolyNature/Prefabs/Tree3.prefab
  artifactKey: Guid(a79279818571b6848a9ccb8dcb36dd2c) Importer(815301076,1909f56bfc062723c751e8b465ee728b)
Start importing Assets/LowPolyGameScene/SimpleLowPolyNature/Prefabs/Tree3.prefab using Guid(a79279818571b6848a9ccb8dcb36dd2c) Importer(815301076,1909f56bfc062723c751e8b465ee728b)  -> (artifact id: '6d3515cc46424435518ab7d5f14ad355') in 0.012211 seconds 
========================================================================
Received Import Request.
  Time since last request: 0.000032 seconds.
  path: Assets/LowPolyGameScene/SimpleLowPolyNature/Prefabs/Rock8.prefab
  artifactKey: Guid(2e56899687a42f54aa20a3b27f073806) Importer(815301076,1909f56bfc062723c751e8b465ee728b)
Start importing Assets/LowPolyGameScene/SimpleLowPolyNature/Prefabs/Rock8.prefab using Guid(2e56899687a42f54aa20a3b27f073806) Importer(815301076,1909f56bfc062723c751e8b465ee728b)  -> (artifact id: 'ea0401fe114eafd8e347e8dd4d198038') in 0.008404 seconds 
========================================================================
Received Import Request.
  Time since last request: 0.000021 seconds.
  path: Assets/LowPolyGameScene/SimpleLowPolyNature/Prefabs/Ivy2.prefab
  artifactKey: Guid(8c1162e29ab5baf45ad76ebc6e86889b) Importer(815301076,1909f56bfc062723c751e8b465ee728b)
Start importing Assets/LowPolyGameScene/SimpleLowPolyNature/Prefabs/Ivy2.prefab using Guid(8c1162e29ab5baf45ad76ebc6e86889b) Importer(815301076,1909f56bfc062723c751e8b465ee728b)  -> (artifact id: '17a7e5d623d115679f169c528509da40') in 0.009025 seconds 
========================================================================
Received Import Request.
  Time since last request: 0.000019 seconds.
  path: Assets/LowPolyGameScene/SimpleLowPolyNature/Prefabs/Rock2.prefab
  artifactKey: Guid(936441e8ad7465e409c2285b778dfd8f) Importer(815301076,1909f56bfc062723c751e8b465ee728b)
Start importing Assets/LowPolyGameScene/SimpleLowPolyNature/Prefabs/Rock2.prefab using Guid(936441e8ad7465e409c2285b778dfd8f) Importer(815301076,1909f56bfc062723c751e8b465ee728b)  -> (artifact id: '97884e9a9afd979c6a75223867f4ee35') in 0.010386 seconds 
========================================================================
Received Import Request.
  Time since last request: 0.000019 seconds.
  path: Assets/LowPolyGameScene/SimpleLowPolyNature/Prefabs/Grass2.prefab
  artifactKey: Guid(7ca2fa2809968cf47852232e5d4a6e43) Importer(815301076,1909f56bfc062723c751e8b465ee728b)
Start importing Assets/LowPolyGameScene/SimpleLowPolyNature/Prefabs/Grass2.prefab using Guid(7ca2fa2809968cf47852232e5d4a6e43) Importer(815301076,1909f56bfc062723c751e8b465ee728b)  -> (artifact id: '9770e212c38b88b482dafa1829969eb8') in 0.008505 seconds 
========================================================================
Received Import Request.
  Time since last request: 3.301664 seconds.
  path: Assets/LowPolyGameScene/SimpleLowPolyNature/Prefabs/TreeYellow3.prefab
  artifactKey: Guid(2196e66c52d25ac469e55fb8f4d54d4a) Importer(815301076,1909f56bfc062723c751e8b465ee728b)
Start importing Assets/LowPolyGameScene/SimpleLowPolyNature/Prefabs/TreeYellow3.prefab using Guid(2196e66c52d25ac469e55fb8f4d54d4a) Importer(815301076,1909f56bfc062723c751e8b465ee728b)  -> (artifact id: 'f5e7948976e77bbba4e081c4f81d3605') in 0.011630 seconds 
