Using pre-set license
Built from '2021.3/staging' branch; Version is '2021.3.15f1 (e8e88683f834) revision 15263878'; Using compiler version '192829333'; Build Type 'Release'
OS: 'Windows 11  (10.0.22621) 64bit CoreCountrySpecific' Language: 'zh' Physical Memory: 65154 MB
BatchMode: 1, IsHumanControllingUs: 0, StartBugReporterOnCrash: 0, Is64bit: 1, IsPro: 1

COMMAND LINE ARGUMENTS:
D:\Unity\UnityDifferentVertions\2021.3.15f1\Editor\Unity.exe
-adb2
-batchMode
-noUpm
-name
AssetImportWorker12
-projectPath
C:/Users/Zhangzonshuai/Documents/GitHub/GraduatingGameDesign/GraduatingDesignGame/Journey of Hand
-logFile
Logs/AssetImportWorker12.log
-srvPort
6068
Successfully changed project path to: C:/Users/Zhangzonshuai/Documents/GitHub/GraduatingGameDesign/GraduatingDesignGame/Journey of Hand
C:/Users/Zhangzonshuai/Documents/GitHub/GraduatingGameDesign/GraduatingDesignGame/Journey of Hand
[UnityMemory] Configuration Parameters - Can be set up in boot.config
    "memorysetup-bucket-allocator-granularity=16"
    "memorysetup-bucket-allocator-bucket-count=8"
    "memorysetup-bucket-allocator-block-size=33554432"
    "memorysetup-bucket-allocator-block-count=8"
    "memorysetup-main-allocator-block-size=16777216"
    "memorysetup-thread-allocator-block-size=16777216"
    "memorysetup-gfx-main-allocator-block-size=16777216"
    "memorysetup-gfx-thread-allocator-block-size=16777216"
    "memorysetup-cache-allocator-block-size=4194304"
    "memorysetup-typetree-allocator-block-size=2097152"
    "memorysetup-profiler-bucket-allocator-granularity=16"
    "memorysetup-profiler-bucket-allocator-bucket-count=8"
    "memorysetup-profiler-bucket-allocator-block-size=33554432"
    "memorysetup-profiler-bucket-allocator-block-count=8"
    "memorysetup-profiler-allocator-block-size=16777216"
    "memorysetup-profiler-editor-allocator-block-size=1048576"
    "memorysetup-temp-allocator-size-main=16777216"
    "memorysetup-job-temp-allocator-block-size=2097152"
    "memorysetup-job-temp-allocator-block-size-background=1048576"
    "memorysetup-job-temp-allocator-reduction-small-platforms=262144"
    "memorysetup-temp-allocator-size-background-worker=32768"
    "memorysetup-temp-allocator-size-job-worker=262144"
    "memorysetup-temp-allocator-size-preload-manager=33554432"
    "memorysetup-temp-allocator-size-nav-mesh-worker=65536"
    "memorysetup-temp-allocator-size-audio-worker=65536"
    "memorysetup-temp-allocator-size-cloud-worker=32768"
    "memorysetup-temp-allocator-size-gi-baking-worker=262144"
    "memorysetup-temp-allocator-size-gfx=262144"
Player connection [53264] Host "[IP] 192.168.1.139 [Port] 0 [Flags] 2 [Guid] 3039591523 [EditorId] 3039591523 [Version] 1048832 [Id] WindowsEditor(7,Barry) [Debug] 1 [PackageName] WindowsEditor [ProjectName] Editor" joined multi-casting on [225.0.0.222:54997]...

Player connection [53264] Host "[IP] 192.168.1.139 [Port] 0 [Flags] 2 [Guid] 3039591523 [EditorId] 3039591523 [Version] 1048832 [Id] WindowsEditor(7,Barry) [Debug] 1 [PackageName] WindowsEditor [ProjectName] Editor" joined alternative multi-casting on [225.0.0.222:34997]...

Refreshing native plugins compatible for Editor in 92.50 ms, found 3 plugins.
Preloading 0 native plugins for Editor in 0.00 ms.
Initialize engine version: 2021.3.15f1 (e8e88683f834)
[Subsystems] Discovering subsystems at path D:/Unity/UnityDifferentVertions/2021.3.15f1/Editor/Data/Resources/UnitySubsystems
[Subsystems] Discovering subsystems at path C:/Users/Zhangzonshuai/Documents/GitHub/GraduatingGameDesign/GraduatingDesignGame/Journey of Hand/Assets
GfxDevice: creating device client; threaded=0; jobified=0
Direct3D:
    Version:  Direct3D 11.0 [level 11.1]
    Renderer: NVIDIA GeForce RTX 4080 Laptop GPU (ID=0x27e0)
    Vendor:   NVIDIA
    VRAM:     12011 MB
    Driver:   31.0.15.3168
Initialize mono
Mono path[0] = 'D:/Unity/UnityDifferentVertions/2021.3.15f1/Editor/Data/Managed'
Mono path[1] = 'D:/Unity/UnityDifferentVertions/2021.3.15f1/Editor/Data/MonoBleedingEdge/lib/mono/unityjit-win32'
Mono config path = 'D:/Unity/UnityDifferentVertions/2021.3.15f1/Editor/Data/MonoBleedingEdge/etc'
Using monoOptions --debugger-agent=transport=dt_socket,embedding=1,server=y,suspend=n,address=127.0.0.1:56648
Begin MonoManager ReloadAssembly
Registering precompiled unity dll's ...
Register platform support module: D:/Unity/UnityDifferentVertions/2021.3.15f1/Editor/Data/PlaybackEngines/AndroidPlayer/UnityEditor.Android.Extensions.dll
Register platform support module: D:/Unity/UnityDifferentVertions/2021.3.15f1/Editor/Data/PlaybackEngines/iOSSupport/UnityEditor.iOS.Extensions.dll
Register platform support module: D:/Unity/UnityDifferentVertions/2021.3.15f1/Editor/Data/PlaybackEngines/WindowsStandaloneSupport/UnityEditor.WindowsStandalone.Extensions.dll
Registered in 0.001500 seconds.
Native extension for WindowsStandalone target not found
[usbmuxd] Start listen thread
[usbmuxd] Listen thread started
Native extension for iOS target not found
Native extension for Android target not found
Refreshing native plugins compatible for Editor in 90.57 ms, found 3 plugins.
Preloading 0 native plugins for Editor in 0.00 ms.
Mono: successfully reloaded assembly
- Completed reload, in  0.474 seconds
Domain Reload Profiling:
	ReloadAssembly (474ms)
		BeginReloadAssembly (65ms)
			ExecutionOrderSort (0ms)
			DisableScriptedObjects (0ms)
			BackupInstance (0ms)
			ReleaseScriptingObjects (0ms)
			CreateAndSetChildDomain (0ms)
		EndReloadAssembly (349ms)
			LoadAssemblies (65ms)
			RebuildTransferFunctionScriptingTraits (0ms)
			SetupTypeCache (76ms)
			ReleaseScriptCaches (0ms)
			RebuildScriptCaches (18ms)
			SetupLoadedEditorAssemblies (224ms)
				LogAssemblyErrors (0ms)
				InitializePlatformSupportModulesInManaged (38ms)
				SetLoadedEditorAssemblies (0ms)
				RefreshPlugins (91ms)
				BeforeProcessingInitializeOnLoad (1ms)
				ProcessInitializeOnLoadAttributes (60ms)
				ProcessInitializeOnLoadMethodAttributes (34ms)
				AfterProcessingInitializeOnLoad (0ms)
				EditorAssembliesLoaded (0ms)
			ExecutionOrderSort2 (0ms)
			AwakeInstancesAfterBackupRestoration (0ms)
Platform modules already initialized, skipping
Registering precompiled user dll's ...
Registered in 0.007961 seconds.
Begin MonoManager ReloadAssembly
Symbol file LoadedFromMemory doesn't match image C:\Users\Zhangzonshuai\Documents\GitHub\GraduatingGameDesign\GraduatingDesignGame\Journey of Hand\Library\PackageCache\com.unity.visualscripting@1.7.8\Editor\VisualScripting.Core\Dependencies\YamlDotNet\Unity.VisualScripting.YamlDotNet.dll
Symbol file LoadedFromMemory doesn't match image C:\Users\Zhangzonshuai\Documents\GitHub\GraduatingGameDesign\GraduatingDesignGame\Journey of Hand\Library\PackageCache\com.unity.visualscripting@1.7.8\Editor\VisualScripting.Core\Dependencies\DotNetZip\Unity.VisualScripting.IonicZip.dll
Native extension for WindowsStandalone target not found
Native extension for iOS target not found
Native extension for Android target not found
Refreshing native plugins compatible for Editor in 78.58 ms, found 3 plugins.
Preloading 0 native plugins for Editor in 0.00 ms.
Mono: successfully reloaded assembly
- Completed reload, in  1.313 seconds
Domain Reload Profiling:
	ReloadAssembly (1313ms)
		BeginReloadAssembly (400ms)
			ExecutionOrderSort (0ms)
			DisableScriptedObjects (4ms)
			BackupInstance (0ms)
			ReleaseScriptingObjects (0ms)
			CreateAndSetChildDomain (340ms)
		EndReloadAssembly (853ms)
			LoadAssemblies (62ms)
			RebuildTransferFunctionScriptingTraits (0ms)
			SetupTypeCache (190ms)
			ReleaseScriptCaches (1ms)
			RebuildScriptCaches (48ms)
			SetupLoadedEditorAssemblies (526ms)
				LogAssemblyErrors (0ms)
				InitializePlatformSupportModulesInManaged (19ms)
				SetLoadedEditorAssemblies (0ms)
				RefreshPlugins (79ms)
				BeforeProcessingInitializeOnLoad (87ms)
				ProcessInitializeOnLoadAttributes (267ms)
				ProcessInitializeOnLoadMethodAttributes (72ms)
				AfterProcessingInitializeOnLoad (1ms)
				EditorAssembliesLoaded (0ms)
			ExecutionOrderSort2 (0ms)
			AwakeInstancesAfterBackupRestoration (6ms)
Platform modules already initialized, skipping
========================================================================
Worker process is ready to serve import requests
Launched and connected shader compiler UnityShaderCompiler.exe after 0.53 seconds
Refreshing native plugins compatible for Editor in 1.07 ms, found 3 plugins.
Preloading 0 native plugins for Editor in 0.00 ms.
Unloading 5590 Unused Serialized files (Serialized files now loaded: 0)
Unloading 60 unused Assets / (91.9 MB). Loaded Objects now: 6037.
Memory consumption went from 303.5 MB to 211.6 MB.
Total: 5.901100 ms (FindLiveObjects: 0.480400 ms CreateObjectMapping: 0.119400 ms MarkObjects: 4.917100 ms  DeleteObjects: 0.383000 ms)

AssetImportParameters requested are different than current active one (requested -> active):
  custom:video-decoder-ogg-theora: a1e56fd34408186e4bbccfd4996cb3dc -> 
  custom:container-muxer-webm: aa71ff27fc2769a1b78a27578f13a17b -> 
  custom:container-demuxer-webm: 4f35f7cbe854078d1ac9338744f61a02 -> 
  custom:video-encoder-webm-vp8: eb34c28f22e8b96e1ab97ce403110664 -> 
  custom:video-codec-MediaFoundation-h265: 746d11721c4dcdbdad8f713fa42b33f4 -> 
  custom:audio-encoder-webm-vorbis: bf7c407c2cedff20999df2af8eb42d56 -> 
  custom:framework-win-MediaFoundation: 216162199b28c13a410421893ffa2e32 -> 
  custom:container-demuxer-ogg: 62fdf1f143b41e24485cea50d1cbac27 -> 
  custom:video-decoder-webm-vp8: 9c59270c3fd7afecdb556c50c9e8de78 -> 
  custom:audio-decoder-ogg-vorbis: bf7c407c2cedff20999df2af8eb42d56 -> 
========================================================================
Received Import Request.
  Time since last request: 177810.768573 seconds.
  path: Assets/LowPolyGameScene/SimpleNaturePack/Materials/SimpleNaturePack_Texture_01.mat
  artifactKey: Guid(93caadf4359ae8143aad35b3145d31af) Importer(815301076,1909f56bfc062723c751e8b465ee728b)
Start importing Assets/LowPolyGameScene/SimpleNaturePack/Materials/SimpleNaturePack_Texture_01.mat using Guid(93caadf4359ae8143aad35b3145d31af) Importer(815301076,1909f56bfc062723c751e8b465ee728b)  -> (artifact id: '95be6c57864a6034eb195f70c78c8046') in 0.172130 seconds 
========================================================================
Received Import Request.
  Time since last request: 0.359339 seconds.
  path: Assets/LowPolyGameScene/SimpleLowPolyNature/Materials/RockMat.mat
  artifactKey: Guid(5bfbfdebccebf0c45832bef70d1337f7) Importer(815301076,1909f56bfc062723c751e8b465ee728b)
Start importing Assets/LowPolyGameScene/SimpleLowPolyNature/Materials/RockMat.mat using Guid(5bfbfdebccebf0c45832bef70d1337f7) Importer(815301076,1909f56bfc062723c751e8b465ee728b)  -> (artifact id: '1c40b25748032f4cf834bd0566340732') in 0.016851 seconds 
========================================================================
Received Import Request.
  Time since last request: 0.024130 seconds.
  path: Assets/LowPolyGameScene/SimpleLowPolyNature/Materials/Mushroom2Mat.mat
  artifactKey: Guid(308680fc3656cdb49aa30c04aae1eb87) Importer(815301076,1909f56bfc062723c751e8b465ee728b)
Start importing Assets/LowPolyGameScene/SimpleLowPolyNature/Materials/Mushroom2Mat.mat using Guid(308680fc3656cdb49aa30c04aae1eb87) Importer(815301076,1909f56bfc062723c751e8b465ee728b)  -> (artifact id: 'dfd64a3d5e3d0190d873a18c74eb489b') in 0.007060 seconds 
========================================================================
Received Import Request.
  Time since last request: 0.057510 seconds.
  path: Assets/SkyBoxPlugin/Skybox Cubemap Extended/Demo/Materials/LowPoly - Rock.mat
  artifactKey: Guid(37524ae4594222f4f8acd7b76234f79a) Importer(815301076,1909f56bfc062723c751e8b465ee728b)
Start importing Assets/SkyBoxPlugin/Skybox Cubemap Extended/Demo/Materials/LowPoly - Rock.mat using Guid(37524ae4594222f4f8acd7b76234f79a) Importer(815301076,1909f56bfc062723c751e8b465ee728b)  -> (artifact id: 'c85fa881feb3ed0d9512f1bb001172e5') in 0.009090 seconds 
========================================================================
Received Import Request.
  Time since last request: 55.581817 seconds.
  path: Assets/SkyBoxPlugin/Skybox Cubemap Extended/Demo/Materials/LowPoly - FirTreeVariation.mat
  artifactKey: Guid(0f74119e82d3b3a4d9b2842dbaa2a6ee) Importer(815301076,1909f56bfc062723c751e8b465ee728b)
Start importing Assets/SkyBoxPlugin/Skybox Cubemap Extended/Demo/Materials/LowPoly - FirTreeVariation.mat using Guid(0f74119e82d3b3a4d9b2842dbaa2a6ee) Importer(815301076,1909f56bfc062723c751e8b465ee728b)  -> (artifact id: 'd3050c4215e53c6437cfb8d44d7a7662') in 0.005983 seconds 
Editor requested this worker to shutdown with reason: Scaling down because of idle timeout
AssetImportWorker is now disconnected from the server
Process exiting
Exiting without the bug reporter. Application will terminate with return code 0