Using pre-set license
Built from '2021.3/staging' branch; Version is '2021.3.15f1 (e8e88683f834) revision 15263878'; Using compiler version '192829333'; Build Type 'Release'
OS: 'Windows 11  (10.0.22621) 64bit CoreCountrySpecific' Language: 'zh' Physical Memory: 65154 MB
BatchMode: 1, IsHumanControllingUs: 0, StartBugReporterOnCrash: 0, Is64bit: 1, IsPro: 1

COMMAND LINE ARGUMENTS:
D:\Unity\UnityDifferentVertions\2021.3.15f1\Editor\Unity.exe
-adb2
-batchMode
-noUpm
-name
AssetImportWorker6
-projectPath
C:/Users/Zhangzonshuai/Documents/GitHub/GraduatingGameDesign/GraduatingDesignGame/Journey of Hand
-logFile
Logs/AssetImportWorker6.log
-srvPort
4836
Successfully changed project path to: C:/Users/Zhangzonshuai/Documents/GitHub/GraduatingGameDesign/GraduatingDesignGame/Journey of Hand
C:/Users/Zhangzonshuai/Documents/GitHub/GraduatingGameDesign/GraduatingDesignGame/Journey of Hand
[UnityMemory] Configuration Parameters - Can be set up in boot.config
    "memorysetup-bucket-allocator-granularity=16"
    "memorysetup-bucket-allocator-bucket-count=8"
    "memorysetup-bucket-allocator-block-size=33554432"
    "memorysetup-bucket-allocator-block-count=8"
    "memorysetup-main-allocator-block-size=16777216"
    "memorysetup-thread-allocator-block-size=16777216"
    "memorysetup-gfx-main-allocator-block-size=16777216"
    "memorysetup-gfx-thread-allocator-block-size=16777216"
    "memorysetup-cache-allocator-block-size=4194304"
    "memorysetup-typetree-allocator-block-size=2097152"
    "memorysetup-profiler-bucket-allocator-granularity=16"
    "memorysetup-profiler-bucket-allocator-bucket-count=8"
    "memorysetup-profiler-bucket-allocator-block-size=33554432"
    "memorysetup-profiler-bucket-allocator-block-count=8"
    "memorysetup-profiler-allocator-block-size=16777216"
    "memorysetup-profiler-editor-allocator-block-size=1048576"
    "memorysetup-temp-allocator-size-main=16777216"
    "memorysetup-job-temp-allocator-block-size=2097152"
    "memorysetup-job-temp-allocator-block-size-background=1048576"
    "memorysetup-job-temp-allocator-reduction-small-platforms=262144"
    "memorysetup-temp-allocator-size-background-worker=32768"
    "memorysetup-temp-allocator-size-job-worker=262144"
    "memorysetup-temp-allocator-size-preload-manager=33554432"
    "memorysetup-temp-allocator-size-nav-mesh-worker=65536"
    "memorysetup-temp-allocator-size-audio-worker=65536"
    "memorysetup-temp-allocator-size-cloud-worker=32768"
    "memorysetup-temp-allocator-size-gi-baking-worker=262144"
    "memorysetup-temp-allocator-size-gfx=262144"
Player connection [80040] Host "[IP] 192.168.1.139 [Port] 0 [Flags] 2 [Guid] 2947516895 [EditorId] 2947516895 [Version] 1048832 [Id] WindowsEditor(7,Barry) [Debug] 1 [PackageName] WindowsEditor [ProjectName] Editor" joined multi-casting on [225.0.0.222:54997]...

Player connection [80040] Host "[IP] 192.168.1.139 [Port] 0 [Flags] 2 [Guid] 2947516895 [EditorId] 2947516895 [Version] 1048832 [Id] WindowsEditor(7,Barry) [Debug] 1 [PackageName] WindowsEditor [ProjectName] Editor" joined alternative multi-casting on [225.0.0.222:34997]...

Refreshing native plugins compatible for Editor in 105.79 ms, found 3 plugins.
Preloading 0 native plugins for Editor in 0.00 ms.
Initialize engine version: 2021.3.15f1 (e8e88683f834)
[Subsystems] Discovering subsystems at path D:/Unity/UnityDifferentVertions/2021.3.15f1/Editor/Data/Resources/UnitySubsystems
[Subsystems] Discovering subsystems at path C:/Users/Zhangzonshuai/Documents/GitHub/GraduatingGameDesign/GraduatingDesignGame/Journey of Hand/Assets
GfxDevice: creating device client; threaded=0; jobified=0
Direct3D:
    Version:  Direct3D 11.0 [level 11.1]
    Renderer: NVIDIA GeForce RTX 4080 Laptop GPU (ID=0x27e0)
    Vendor:   NVIDIA
    VRAM:     12011 MB
    Driver:   31.0.15.3168
Initialize mono
Mono path[0] = 'D:/Unity/UnityDifferentVertions/2021.3.15f1/Editor/Data/Managed'
Mono path[1] = 'D:/Unity/UnityDifferentVertions/2021.3.15f1/Editor/Data/MonoBleedingEdge/lib/mono/unityjit-win32'
Mono config path = 'D:/Unity/UnityDifferentVertions/2021.3.15f1/Editor/Data/MonoBleedingEdge/etc'
Using monoOptions --debugger-agent=transport=dt_socket,embedding=1,server=y,suspend=n,address=127.0.0.1:56932
Begin MonoManager ReloadAssembly
Registering precompiled unity dll's ...
Register platform support module: D:/Unity/UnityDifferentVertions/2021.3.15f1/Editor/Data/PlaybackEngines/AndroidPlayer/UnityEditor.Android.Extensions.dll
Register platform support module: D:/Unity/UnityDifferentVertions/2021.3.15f1/Editor/Data/PlaybackEngines/iOSSupport/UnityEditor.iOS.Extensions.dll
Register platform support module: D:/Unity/UnityDifferentVertions/2021.3.15f1/Editor/Data/PlaybackEngines/WindowsStandaloneSupport/UnityEditor.WindowsStandalone.Extensions.dll
Registered in 0.002165 seconds.
Native extension for WindowsStandalone target not found
[usbmuxd] Start listen thread
[usbmuxd] Listen thread started
Native extension for iOS target not found
Native extension for Android target not found
Refreshing native plugins compatible for Editor in 93.54 ms, found 3 plugins.
Preloading 0 native plugins for Editor in 0.00 ms.
Mono: successfully reloaded assembly
- Completed reload, in  0.600 seconds
Domain Reload Profiling:
	ReloadAssembly (601ms)
		BeginReloadAssembly (85ms)
			ExecutionOrderSort (0ms)
			DisableScriptedObjects (0ms)
			BackupInstance (0ms)
			ReleaseScriptingObjects (0ms)
			CreateAndSetChildDomain (1ms)
		EndReloadAssembly (427ms)
			LoadAssemblies (86ms)
			RebuildTransferFunctionScriptingTraits (0ms)
			SetupTypeCache (94ms)
			ReleaseScriptCaches (0ms)
			RebuildScriptCaches (24ms)
			SetupLoadedEditorAssemblies (273ms)
				LogAssemblyErrors (0ms)
				InitializePlatformSupportModulesInManaged (44ms)
				SetLoadedEditorAssemblies (0ms)
				RefreshPlugins (94ms)
				BeforeProcessingInitializeOnLoad (10ms)
				ProcessInitializeOnLoadAttributes (85ms)
				ProcessInitializeOnLoadMethodAttributes (40ms)
				AfterProcessingInitializeOnLoad (0ms)
				EditorAssembliesLoaded (0ms)
			ExecutionOrderSort2 (0ms)
			AwakeInstancesAfterBackupRestoration (0ms)
Platform modules already initialized, skipping
Registering precompiled user dll's ...
Registered in 0.007725 seconds.
Begin MonoManager ReloadAssembly
Symbol file LoadedFromMemory doesn't match image C:\Users\Zhangzonshuai\Documents\GitHub\GraduatingGameDesign\GraduatingDesignGame\Journey of Hand\Library\PackageCache\com.unity.visualscripting@1.7.8\Editor\VisualScripting.Core\Dependencies\YamlDotNet\Unity.VisualScripting.YamlDotNet.dll
Symbol file LoadedFromMemory doesn't match image C:\Users\Zhangzonshuai\Documents\GitHub\GraduatingGameDesign\GraduatingDesignGame\Journey of Hand\Library\PackageCache\com.unity.visualscripting@1.7.8\Editor\VisualScripting.Core\Dependencies\DotNetZip\Unity.VisualScripting.IonicZip.dll
Native extension for WindowsStandalone target not found
Native extension for iOS target not found
Native extension for Android target not found
Refreshing native plugins compatible for Editor in 99.97 ms, found 3 plugins.
Preloading 0 native plugins for Editor in 0.00 ms.
Error saving file Library/StateCache/LayerSettings/9e/9ecc5c3c162a7aba29bafa64c8b94b7c.json. Error: System.IO.IOException: Sharing violation on path C:\Users\Zhangzonshuai\Documents\GitHub\GraduatingGameDesign\GraduatingDesignGame\Journey of Hand\Library\StateCache\LayerSettings\9e\9ecc5c3c162a7aba29bafa64c8b94b7c.json
  at System.IO.FileStream..ctor (System.String path, System.IO.FileMode mode, System.IO.FileAccess access, System.IO.FileShare share, System.Int32 bufferSize, System.Boolean anonymous, System.IO.FileOptions options) [0x0019e] in <d6232873609549b8a045fa15811a5bd3>:0 
  at System.IO.FileStream..ctor (System.String path, System.IO.FileMode mode, System.IO.FileAccess access, System.IO.FileShare share, System.Int32 bufferSize, System.IO.FileOptions options) [0x00000] in <d6232873609549b8a045fa15811a5bd3>:0 
  at (wrapper remoting-invoke-with-check) System.IO.FileStream..ctor(string,System.IO.FileMode,System.IO.FileAccess,System.IO.FileShare,int,System.IO.FileOptions)
  at System.IO.StreamWriter..ctor (System.String path, System.Boolean append, System.Text.Encoding encoding, System.Int32 bufferSize) [0x00055] in <d6232873609549b8a045fa15811a5bd3>:0 
  at System.IO.StreamWriter..ctor (System.String path, System.Boolean append, System.Text.Encoding encoding) [0x00000] in <d6232873609549b8a045fa15811a5bd3>:0 
  at (wrapper remoting-invoke-with-check) System.IO.StreamWriter..ctor(string,bool,System.Text.Encoding)
  at System.IO.File.WriteAllText (System.String path, System.String contents, System.Text.Encoding encoding) [0x00034] in <d6232873609549b8a045fa15811a5bd3>:0 
  at UnityEditor.StateCache`1[T].SetState (UnityEngine.Hash128 key, T obj) [0x0004b] in <63965ae56af7489797f355b7c1211ab2>:0 
UnityEngine.StackTraceUtility:ExtractStackTrace ()
UnityEngine.DebugLogHandler:LogFormat (UnityEngine.LogType,UnityEngine.Object,string,object[])
UnityEngine.Logger:Log (UnityEngine.LogType,object)
UnityEngine.Debug:LogError (object)
UnityEditor.StateCache`1<UnityEditor.Tools/LayerSettings>:SetState (UnityEngine.Hash128,UnityEditor.Tools/LayerSettings)
UnityEditor.Tools:set_lockedLayers (int)
UnityEditor.Tools:OnEnable ()
UnityEngine.ScriptableObject:CreateInstance (System.Type)
UnityEngine.ScriptableObject:CreateInstance<UnityEditor.Tools> ()
UnityEditor.Tools:get_get ()
UnityEditor.Tools:get_visibleLayers ()
UnityEditor.Animations.Rigging.BoneRendererUtils:.cctor () (at Library/PackageCache/com.unity.animation.rigging@1.1.1/Editor/Utils/BoneRendererUtils.cs:121)
System.Runtime.CompilerServices.RuntimeHelpers:RunClassConstructor (System.RuntimeTypeHandle)
UnityEditor.EditorAssemblies:ProcessInitializeOnLoadAttributes (System.Type[])

(Filename: Library/PackageCache/com.unity.animation.rigging@1.1.1/Editor/Utils/BoneRendererUtils.cs Line: 121)

Mono: successfully reloaded assembly
- Completed reload, in  1.413 seconds
Domain Reload Profiling:
	ReloadAssembly (1414ms)
		BeginReloadAssembly (193ms)
			ExecutionOrderSort (0ms)
			DisableScriptedObjects (4ms)
			BackupInstance (0ms)
			ReleaseScriptingObjects (0ms)
			CreateAndSetChildDomain (127ms)
		EndReloadAssembly (1127ms)
			LoadAssemblies (76ms)
			RebuildTransferFunctionScriptingTraits (0ms)
			SetupTypeCache (235ms)
			ReleaseScriptCaches (0ms)
			RebuildScriptCaches (72ms)
			SetupLoadedEditorAssemblies (692ms)
				LogAssemblyErrors (0ms)
				InitializePlatformSupportModulesInManaged (27ms)
				SetLoadedEditorAssemblies (0ms)
				RefreshPlugins (100ms)
				BeforeProcessingInitializeOnLoad (97ms)
				ProcessInitializeOnLoadAttributes (394ms)
				ProcessInitializeOnLoadMethodAttributes (72ms)
				AfterProcessingInitializeOnLoad (1ms)
				EditorAssembliesLoaded (0ms)
			ExecutionOrderSort2 (0ms)
			AwakeInstancesAfterBackupRestoration (7ms)
Platform modules already initialized, skipping
========================================================================
Worker process is ready to serve import requests
Launched and connected shader compiler UnityShaderCompiler.exe after 0.06 seconds
Refreshing native plugins compatible for Editor in 1.28 ms, found 3 plugins.
Preloading 0 native plugins for Editor in 0.00 ms.
Unloading 5591 Unused Serialized files (Serialized files now loaded: 0)
Unloading 60 unused Assets / (0.9 MB). Loaded Objects now: 6039.
Memory consumption went from 303.2 MB to 302.3 MB.
Total: 3.111400 ms (FindLiveObjects: 0.246900 ms CreateObjectMapping: 0.106700 ms MarkObjects: 2.518400 ms  DeleteObjects: 0.238300 ms)

AssetImportParameters requested are different than current active one (requested -> active):
  custom:video-decoder-ogg-theora: a1e56fd34408186e4bbccfd4996cb3dc -> 
  custom:container-muxer-webm: aa71ff27fc2769a1b78a27578f13a17b -> 
  custom:container-demuxer-webm: 4f35f7cbe854078d1ac9338744f61a02 -> 
  custom:video-encoder-webm-vp8: eb34c28f22e8b96e1ab97ce403110664 -> 
  custom:video-codec-MediaFoundation-h265: 746d11721c4dcdbdad8f713fa42b33f4 -> 
  custom:audio-encoder-webm-vorbis: bf7c407c2cedff20999df2af8eb42d56 -> 
  custom:framework-win-MediaFoundation: 216162199b28c13a410421893ffa2e32 -> 
  custom:container-demuxer-ogg: 62fdf1f143b41e24485cea50d1cbac27 -> 
  custom:video-decoder-webm-vp8: 9c59270c3fd7afecdb556c50c9e8de78 -> 
  custom:audio-decoder-ogg-vorbis: bf7c407c2cedff20999df2af8eb42d56 -> 
========================================================================
Received Prepare
Registering precompiled user dll's ...
Registered in 0.006160 seconds.
Begin MonoManager ReloadAssembly
Symbol file LoadedFromMemory doesn't match image C:\Users\Zhangzonshuai\Documents\GitHub\GraduatingGameDesign\GraduatingDesignGame\Journey of Hand\Library\PackageCache\com.unity.visualscripting@1.7.8\Editor\VisualScripting.Core\Dependencies\YamlDotNet\Unity.VisualScripting.YamlDotNet.dll
Symbol file LoadedFromMemory doesn't match image C:\Users\Zhangzonshuai\Documents\GitHub\GraduatingGameDesign\GraduatingDesignGame\Journey of Hand\Library\PackageCache\com.unity.visualscripting@1.7.8\Editor\VisualScripting.Core\Dependencies\DotNetZip\Unity.VisualScripting.IonicZip.dll
Native extension for WindowsStandalone target not found
Native extension for iOS target not found
Native extension for Android target not found
Refreshing native plugins compatible for Editor in 4.61 ms, found 3 plugins.
Preloading 0 native plugins for Editor in 0.00 ms.
Mono: successfully reloaded assembly
- Completed reload, in  0.949 seconds
Domain Reload Profiling:
	ReloadAssembly (950ms)
		BeginReloadAssembly (102ms)
			ExecutionOrderSort (0ms)
			DisableScriptedObjects (3ms)
			BackupInstance (0ms)
			ReleaseScriptingObjects (0ms)
			CreateAndSetChildDomain (30ms)
		EndReloadAssembly (772ms)
			LoadAssemblies (77ms)
			RebuildTransferFunctionScriptingTraits (0ms)
			SetupTypeCache (195ms)
			ReleaseScriptCaches (1ms)
			RebuildScriptCaches (46ms)
			SetupLoadedEditorAssemblies (405ms)
				LogAssemblyErrors (0ms)
				InitializePlatformSupportModulesInManaged (32ms)
				SetLoadedEditorAssemblies (1ms)
				RefreshPlugins (5ms)
				BeforeProcessingInitializeOnLoad (79ms)
				ProcessInitializeOnLoadAttributes (235ms)
				ProcessInitializeOnLoadMethodAttributes (52ms)
				AfterProcessingInitializeOnLoad (1ms)
				EditorAssembliesLoaded (0ms)
			ExecutionOrderSort2 (0ms)
			AwakeInstancesAfterBackupRestoration (13ms)
Platform modules already initialized, skipping
Refreshing native plugins compatible for Editor in 1.77 ms, found 3 plugins.
Preloading 0 native plugins for Editor in 0.00 ms.
Unloading 5405 Unused Serialized files (Serialized files now loaded: 0)
Unloading 40 unused Assets / (0.9 MB). Loaded Objects now: 6055.
Memory consumption went from 288.2 MB to 287.3 MB.
Total: 4.348000 ms (FindLiveObjects: 0.325000 ms CreateObjectMapping: 0.208600 ms MarkObjects: 3.372800 ms  DeleteObjects: 0.440200 ms)

AssetImportParameters requested are different than current active one (requested -> active):
  custom:video-decoder-ogg-theora: a1e56fd34408186e4bbccfd4996cb3dc -> 
  custom:container-muxer-webm: aa71ff27fc2769a1b78a27578f13a17b -> 
  custom:container-demuxer-webm: 4f35f7cbe854078d1ac9338744f61a02 -> 
  custom:video-encoder-webm-vp8: eb34c28f22e8b96e1ab97ce403110664 -> 
  custom:video-codec-MediaFoundation-h265: 746d11721c4dcdbdad8f713fa42b33f4 -> 
  custom:audio-encoder-webm-vorbis: bf7c407c2cedff20999df2af8eb42d56 -> 
  custom:framework-win-MediaFoundation: 216162199b28c13a410421893ffa2e32 -> 
  custom:container-demuxer-ogg: 62fdf1f143b41e24485cea50d1cbac27 -> 
  custom:video-decoder-webm-vp8: 9c59270c3fd7afecdb556c50c9e8de78 -> 
  custom:audio-decoder-ogg-vorbis: bf7c407c2cedff20999df2af8eb42d56 -> 
========================================================================
Received Import Request.
  Time since last request: 773877.763582 seconds.
  path: Assets/LowPolyGameScene/Z ! Low Poly Nature Pack/Prefabs/ZLPP_Grass_F_3.prefab
  artifactKey: Guid(1b10c71d5fb6060429f5f8848a9d5c84) Importer(815301076,1909f56bfc062723c751e8b465ee728b)
Start importing Assets/LowPolyGameScene/Z ! Low Poly Nature Pack/Prefabs/ZLPP_Grass_F_3.prefab using Guid(1b10c71d5fb6060429f5f8848a9d5c84) Importer(815301076,1909f56bfc062723c751e8b465ee728b)  -> (artifact id: 'eee4d4448d2aac73b1c3016aff7de8fa') in 0.295255 seconds 
========================================================================
Received Import Request.
  Time since last request: 0.000023 seconds.
  path: Assets/LowPolyGameScene/Z ! Low Poly Nature Pack/Prefabs/ZLPP_Grass_K_03.prefab
  artifactKey: Guid(9571e3f286a661047923a4dd3be4ff85) Importer(815301076,1909f56bfc062723c751e8b465ee728b)
Start importing Assets/LowPolyGameScene/Z ! Low Poly Nature Pack/Prefabs/ZLPP_Grass_K_03.prefab using Guid(9571e3f286a661047923a4dd3be4ff85) Importer(815301076,1909f56bfc062723c751e8b465ee728b)  -> (artifact id: '97d547e0e6afb87b62e5122a812b1741') in 0.037423 seconds 
========================================================================
Received Import Request.
  Time since last request: 0.000026 seconds.
  path: Assets/LowPolyGameScene/Z ! Low Poly Nature Pack/Prefabs/ZLPP_Grass_J_4.prefab
  artifactKey: Guid(8562fc6b5086adb4b9a333bc23da0b38) Importer(815301076,1909f56bfc062723c751e8b465ee728b)
Start importing Assets/LowPolyGameScene/Z ! Low Poly Nature Pack/Prefabs/ZLPP_Grass_J_4.prefab using Guid(8562fc6b5086adb4b9a333bc23da0b38) Importer(815301076,1909f56bfc062723c751e8b465ee728b)  -> (artifact id: '96bb383021cadb095ee20779f147d275') in 0.015629 seconds 
========================================================================
Received Import Request.
  Time since last request: 0.000030 seconds.
  path: Assets/LowPolyGameScene/Z ! Low Poly Nature Pack/Prefabs/ZLPP_Grass_E_10.prefab
  artifactKey: Guid(8227c13d9b2b2b648a26fc2fedcc6942) Importer(815301076,1909f56bfc062723c751e8b465ee728b)
Start importing Assets/LowPolyGameScene/Z ! Low Poly Nature Pack/Prefabs/ZLPP_Grass_E_10.prefab using Guid(8227c13d9b2b2b648a26fc2fedcc6942) Importer(815301076,1909f56bfc062723c751e8b465ee728b)  -> (artifact id: '5c6fcd06cc59ae8fca59991e6e536df6') in 0.017181 seconds 
========================================================================
Received Import Request.
  Time since last request: 0.000023 seconds.
  path: Assets/LowPolyGameScene/Z ! Low Poly Nature Pack/Prefabs/ZLPP_Grass_I_3.prefab
  artifactKey: Guid(b5ea04ab456dc6e4eabda17f943dc48b) Importer(815301076,1909f56bfc062723c751e8b465ee728b)
Start importing Assets/LowPolyGameScene/Z ! Low Poly Nature Pack/Prefabs/ZLPP_Grass_I_3.prefab using Guid(b5ea04ab456dc6e4eabda17f943dc48b) Importer(815301076,1909f56bfc062723c751e8b465ee728b)  -> (artifact id: '07b91a3488f5940a85ac319f00e7f324') in 0.016024 seconds 
========================================================================
Received Import Request.
  Time since last request: 0.000023 seconds.
  path: Assets/LowPolyGameScene/Z ! Low Poly Nature Pack/Prefabs/ZLPP_Grass_K_12.prefab
  artifactKey: Guid(292dc1d659adf2744b552bc9d1001a6d) Importer(815301076,1909f56bfc062723c751e8b465ee728b)
Start importing Assets/LowPolyGameScene/Z ! Low Poly Nature Pack/Prefabs/ZLPP_Grass_K_12.prefab using Guid(292dc1d659adf2744b552bc9d1001a6d) Importer(815301076,1909f56bfc062723c751e8b465ee728b)  -> (artifact id: 'b1aa5b95a0f00943113c6ac58e41f6f0') in 0.015395 seconds 
========================================================================
Received Import Request.
  Time since last request: 0.000025 seconds.
  path: Assets/LowPolyGameScene/Z ! Low Poly Nature Pack/Prefabs/ZLPP_Grass_K_04.prefab
  artifactKey: Guid(bc254ac0718b6a24cb635782f9a1ef67) Importer(815301076,1909f56bfc062723c751e8b465ee728b)
Start importing Assets/LowPolyGameScene/Z ! Low Poly Nature Pack/Prefabs/ZLPP_Grass_K_04.prefab using Guid(bc254ac0718b6a24cb635782f9a1ef67) Importer(815301076,1909f56bfc062723c751e8b465ee728b)  -> (artifact id: '183f22e65d06712c8aed294724a53985') in 0.022644 seconds 
========================================================================
Received Import Request.
  Time since last request: 0.000026 seconds.
  path: Assets/LowPolyGameScene/Z ! Low Poly Nature Pack/Prefabs/ZLPP_Grass_G_7.prefab
  artifactKey: Guid(cea42abc2641c7d4e970943a0880b8b6) Importer(815301076,1909f56bfc062723c751e8b465ee728b)
Start importing Assets/LowPolyGameScene/Z ! Low Poly Nature Pack/Prefabs/ZLPP_Grass_G_7.prefab using Guid(cea42abc2641c7d4e970943a0880b8b6) Importer(815301076,1909f56bfc062723c751e8b465ee728b)  -> (artifact id: 'ee9c2e6c408bb4169da07bfb40272d34') in 0.017472 seconds 
========================================================================
Received Import Request.
  Time since last request: 0.000052 seconds.
  path: Assets/LowPolyGameScene/Z ! Low Poly Nature Pack/Prefabs/ZLPP_Grass_K_11.prefab
  artifactKey: Guid(283bcbd4b3829d049bce72be9a7e7e3f) Importer(815301076,1909f56bfc062723c751e8b465ee728b)
Start importing Assets/LowPolyGameScene/Z ! Low Poly Nature Pack/Prefabs/ZLPP_Grass_K_11.prefab using Guid(283bcbd4b3829d049bce72be9a7e7e3f) Importer(815301076,1909f56bfc062723c751e8b465ee728b)  -> (artifact id: '304b86eb956d965eee10a187b872a82f') in 0.018841 seconds 
========================================================================
Received Import Request.
  Time since last request: 0.000031 seconds.
  path: Assets/LowPolyGameScene/Z ! Low Poly Nature Pack/Prefabs/ZLPP_Grass_J_9.prefab
  artifactKey: Guid(9b7c4d377be2b004b870bae654e3308e) Importer(815301076,1909f56bfc062723c751e8b465ee728b)
Start importing Assets/LowPolyGameScene/Z ! Low Poly Nature Pack/Prefabs/ZLPP_Grass_J_9.prefab using Guid(9b7c4d377be2b004b870bae654e3308e) Importer(815301076,1909f56bfc062723c751e8b465ee728b)  -> (artifact id: '9d3483fa9e79dfd321a5687d92071578') in 0.019438 seconds 
========================================================================
Received Import Request.
  Time since last request: 0.000027 seconds.
  path: Assets/LowPolyGameScene/Z ! Low Poly Nature Pack/Prefabs/ZLPP_Grass_K_07.prefab
  artifactKey: Guid(5d22f681975935d439159dc7203a9ab6) Importer(815301076,1909f56bfc062723c751e8b465ee728b)
Start importing Assets/LowPolyGameScene/Z ! Low Poly Nature Pack/Prefabs/ZLPP_Grass_K_07.prefab using Guid(5d22f681975935d439159dc7203a9ab6) Importer(815301076,1909f56bfc062723c751e8b465ee728b)  -> (artifact id: '4545b62a490e02e2f10fb50f33d29fb3') in 0.017782 seconds 
========================================================================
Received Import Request.
  Time since last request: 0.000023 seconds.
  path: Assets/LowPolyGameScene/Z ! Low Poly Nature Pack/Prefabs/ZLPP_Grass_J_1.prefab
  artifactKey: Guid(6ca8d603fcbd11c4396a2b3410ac8f09) Importer(815301076,1909f56bfc062723c751e8b465ee728b)
Start importing Assets/LowPolyGameScene/Z ! Low Poly Nature Pack/Prefabs/ZLPP_Grass_J_1.prefab using Guid(6ca8d603fcbd11c4396a2b3410ac8f09) Importer(815301076,1909f56bfc062723c751e8b465ee728b)  -> (artifact id: 'b0662fb26cb8298caea23a1409618bed') in 0.015201 seconds 
========================================================================
Received Import Request.
  Time since last request: 0.000031 seconds.
  path: Assets/LowPolyGameScene/Z ! Low Poly Nature Pack/Prefabs/ZLPP_Grass_K_05.prefab
  artifactKey: Guid(d5770336f1302b842969b34fbbe93228) Importer(815301076,1909f56bfc062723c751e8b465ee728b)
Start importing Assets/LowPolyGameScene/Z ! Low Poly Nature Pack/Prefabs/ZLPP_Grass_K_05.prefab using Guid(d5770336f1302b842969b34fbbe93228) Importer(815301076,1909f56bfc062723c751e8b465ee728b)  -> (artifact id: '2ce02679b3e8f59ddf168b93377c0e10') in 0.024595 seconds 
========================================================================
Received Import Request.
  Time since last request: 0.000030 seconds.
  path: Assets/LowPolyGameScene/Z ! Low Poly Nature Pack/Prefabs/ZLPP_Grass_K_06.prefab
  artifactKey: Guid(631b272f312b6f144a8383611f1d335f) Importer(815301076,1909f56bfc062723c751e8b465ee728b)
Start importing Assets/LowPolyGameScene/Z ! Low Poly Nature Pack/Prefabs/ZLPP_Grass_K_06.prefab using Guid(631b272f312b6f144a8383611f1d335f) Importer(815301076,1909f56bfc062723c751e8b465ee728b)  -> (artifact id: '67ef7fe945c06e70aad5335411f10aac') in 0.017360 seconds 
========================================================================
Received Import Request.
  Time since last request: 0.000025 seconds.
  path: Assets/LowPolyGameScene/Z ! Low Poly Nature Pack/Prefabs/ZLPP_Grass_I_4.prefab
  artifactKey: Guid(d99f1101d4edde745a4be0e9701c23cd) Importer(815301076,1909f56bfc062723c751e8b465ee728b)
Start importing Assets/LowPolyGameScene/Z ! Low Poly Nature Pack/Prefabs/ZLPP_Grass_I_4.prefab using Guid(d99f1101d4edde745a4be0e9701c23cd) Importer(815301076,1909f56bfc062723c751e8b465ee728b)  -> (artifact id: '8a338893ac1df339895bf9d9900e4180') in 0.019532 seconds 
========================================================================
Received Import Request.
  Time since last request: 0.000026 seconds.
  path: Assets/LowPolyGameScene/Z ! Low Poly Nature Pack/Prefabs/ZLPP_Grass_E_03.prefab
  artifactKey: Guid(5a5187dc5808080469394bf38ee1dfd6) Importer(815301076,1909f56bfc062723c751e8b465ee728b)
Start importing Assets/LowPolyGameScene/Z ! Low Poly Nature Pack/Prefabs/ZLPP_Grass_E_03.prefab using Guid(5a5187dc5808080469394bf38ee1dfd6) Importer(815301076,1909f56bfc062723c751e8b465ee728b)  -> (artifact id: '5c2bfd6138d1978c0018c2e018e6c561') in 0.013700 seconds 
========================================================================
Received Import Request.
  Time since last request: 0.000025 seconds.
  path: Assets/LowPolyGameScene/Z ! Low Poly Nature Pack/Prefabs/ZLPP_Grass_E_06.prefab
  artifactKey: Guid(8a390599ab3cf9e41ba7aa9a1cd3f9d9) Importer(815301076,1909f56bfc062723c751e8b465ee728b)
Start importing Assets/LowPolyGameScene/Z ! Low Poly Nature Pack/Prefabs/ZLPP_Grass_E_06.prefab using Guid(8a390599ab3cf9e41ba7aa9a1cd3f9d9) Importer(815301076,1909f56bfc062723c751e8b465ee728b)  -> (artifact id: 'd16bee53a19cdecdbb186f2b14dd9ebc') in 0.015902 seconds 
========================================================================
Received Import Request.
  Time since last request: 0.000024 seconds.
  path: Assets/LowPolyGameScene/Z ! Low Poly Nature Pack/Prefabs/ZLPP_Grass_K_08.prefab
  artifactKey: Guid(3c54f08578ecc4d498ca03d09d58c5ae) Importer(815301076,1909f56bfc062723c751e8b465ee728b)
Start importing Assets/LowPolyGameScene/Z ! Low Poly Nature Pack/Prefabs/ZLPP_Grass_K_08.prefab using Guid(3c54f08578ecc4d498ca03d09d58c5ae) Importer(815301076,1909f56bfc062723c751e8b465ee728b)  -> (artifact id: '4cb6e025e11de5643e049006b927ec2e') in 0.016316 seconds 
========================================================================
Received Import Request.
  Time since last request: 0.000028 seconds.
  path: Assets/LowPolyGameScene/Z ! Low Poly Nature Pack/Prefabs/ZLPP_Grass_H_1.prefab
  artifactKey: Guid(14c66fb191cd59343ae7f84c36daccf6) Importer(815301076,1909f56bfc062723c751e8b465ee728b)
Start importing Assets/LowPolyGameScene/Z ! Low Poly Nature Pack/Prefabs/ZLPP_Grass_H_1.prefab using Guid(14c66fb191cd59343ae7f84c36daccf6) Importer(815301076,1909f56bfc062723c751e8b465ee728b)  -> (artifact id: 'df5050708495a89ebc1b60d57e56d587') in 0.016426 seconds 
========================================================================
Received Import Request.
  Time since last request: 0.000030 seconds.
  path: Assets/LowPolyGameScene/Z ! Low Poly Nature Pack/Prefabs/ZLPP_Grass_K_09.prefab
  artifactKey: Guid(ee730f65fc16b17449627fa6020339f7) Importer(815301076,1909f56bfc062723c751e8b465ee728b)
Start importing Assets/LowPolyGameScene/Z ! Low Poly Nature Pack/Prefabs/ZLPP_Grass_K_09.prefab using Guid(ee730f65fc16b17449627fa6020339f7) Importer(815301076,1909f56bfc062723c751e8b465ee728b)  -> (artifact id: 'ac53499873c4a03a09d4629676950487') in 0.013412 seconds 
========================================================================
Received Import Request.
  Time since last request: 0.000029 seconds.
  path: Assets/LowPolyGameScene/Z ! Low Poly Nature Pack/Prefabs/ZLPP_Grass_E_02.prefab
  artifactKey: Guid(2776bb2e6a751df41a6bd94153279db0) Importer(815301076,1909f56bfc062723c751e8b465ee728b)
Start importing Assets/LowPolyGameScene/Z ! Low Poly Nature Pack/Prefabs/ZLPP_Grass_E_02.prefab using Guid(2776bb2e6a751df41a6bd94153279db0) Importer(815301076,1909f56bfc062723c751e8b465ee728b)  -> (artifact id: 'e57d7086b95ab813d9eb860ae4e99ffe') in 0.015063 seconds 
========================================================================
Received Import Request.
  Time since last request: 0.000030 seconds.
  path: Assets/LowPolyGameScene/Z ! Low Poly Nature Pack/Prefabs/ZLPP_Grass_H_2.prefab
  artifactKey: Guid(955e7e53e55022d4da8601ac6b2e4072) Importer(815301076,1909f56bfc062723c751e8b465ee728b)
Start importing Assets/LowPolyGameScene/Z ! Low Poly Nature Pack/Prefabs/ZLPP_Grass_H_2.prefab using Guid(955e7e53e55022d4da8601ac6b2e4072) Importer(815301076,1909f56bfc062723c751e8b465ee728b)  -> (artifact id: '1f20e0ab2463598d9e90cd211f1656a0') in 0.014752 seconds 
========================================================================
Received Import Request.
  Time since last request: 0.000035 seconds.
  path: Assets/LowPolyGameScene/Z ! Low Poly Nature Pack/Prefabs/ZLPP_Grass_E_01.prefab
  artifactKey: Guid(a77cdde267a9bd34e84a9479634d3777) Importer(815301076,1909f56bfc062723c751e8b465ee728b)
Start importing Assets/LowPolyGameScene/Z ! Low Poly Nature Pack/Prefabs/ZLPP_Grass_E_01.prefab using Guid(a77cdde267a9bd34e84a9479634d3777) Importer(815301076,1909f56bfc062723c751e8b465ee728b)  -> (artifact id: '21326b92957a43b3a945a3c7133d69de') in 0.013898 seconds 
========================================================================
Received Import Request.
  Time since last request: 0.000023 seconds.
  path: Assets/LowPolyGameScene/Z ! Low Poly Nature Pack/Prefabs/ZLPP_Grass_G_6.prefab
  artifactKey: Guid(0fba9b5b9f79f134ca786518a46dada1) Importer(815301076,1909f56bfc062723c751e8b465ee728b)
Start importing Assets/LowPolyGameScene/Z ! Low Poly Nature Pack/Prefabs/ZLPP_Grass_G_6.prefab using Guid(0fba9b5b9f79f134ca786518a46dada1) Importer(815301076,1909f56bfc062723c751e8b465ee728b)  -> (artifact id: '578d034139a66710dff8badfd9a4929d') in 0.014223 seconds 
========================================================================
Received Import Request.
  Time since last request: 0.000019 seconds.
  path: Assets/LowPolyGameScene/Z ! Low Poly Nature Pack/Prefabs/ZLPP_Grass_E_05.prefab
  artifactKey: Guid(71d5e73ae1e80cd4897b153090d581b2) Importer(815301076,1909f56bfc062723c751e8b465ee728b)
Start importing Assets/LowPolyGameScene/Z ! Low Poly Nature Pack/Prefabs/ZLPP_Grass_E_05.prefab using Guid(71d5e73ae1e80cd4897b153090d581b2) Importer(815301076,1909f56bfc062723c751e8b465ee728b)  -> (artifact id: '2a7991ed91ef2e6be8e9d6dee3098803') in 0.016992 seconds 
========================================================================
Received Import Request.
  Time since last request: 0.000018 seconds.
  path: Assets/LowPolyGameScene/Z ! Low Poly Nature Pack/Prefabs/ZLPP_Grass_K_01.prefab
  artifactKey: Guid(f4076615d1981a841aab6579cb3e68d7) Importer(815301076,1909f56bfc062723c751e8b465ee728b)
Start importing Assets/LowPolyGameScene/Z ! Low Poly Nature Pack/Prefabs/ZLPP_Grass_K_01.prefab using Guid(f4076615d1981a841aab6579cb3e68d7) Importer(815301076,1909f56bfc062723c751e8b465ee728b)  -> (artifact id: '97d95e7730950ca0040130522f4f5a8d') in 0.017299 seconds 
========================================================================
Received Import Request.
  Time since last request: 0.000033 seconds.
  path: Assets/LowPolyGameScene/Z ! Low Poly Nature Pack/Prefabs/ZLPP_Grass_E_04.prefab
  artifactKey: Guid(9bf2ccdd13f24d44a8607796225e4eaa) Importer(815301076,1909f56bfc062723c751e8b465ee728b)
Start importing Assets/LowPolyGameScene/Z ! Low Poly Nature Pack/Prefabs/ZLPP_Grass_E_04.prefab using Guid(9bf2ccdd13f24d44a8607796225e4eaa) Importer(815301076,1909f56bfc062723c751e8b465ee728b)  -> (artifact id: '52cc9a5e1db5ba3c7af851077fc99e89') in 0.018738 seconds 
========================================================================
Received Import Request.
  Time since last request: 0.000031 seconds.
  path: Assets/LowPolyGameScene/Z ! Low Poly Nature Pack/Prefabs/ZLPP_Grass_D_6.prefab
  artifactKey: Guid(965f9f1954dbbfd48ac8e6e9ee742ce8) Importer(815301076,1909f56bfc062723c751e8b465ee728b)
Start importing Assets/LowPolyGameScene/Z ! Low Poly Nature Pack/Prefabs/ZLPP_Grass_D_6.prefab using Guid(965f9f1954dbbfd48ac8e6e9ee742ce8) Importer(815301076,1909f56bfc062723c751e8b465ee728b)  -> (artifact id: '21ffe7f04d5a8301d1165ebdedf16cb9') in 0.018888 seconds 
========================================================================
Received Import Request.
  Time since last request: 0.000024 seconds.
  path: Assets/LowPolyGameScene/Z ! Low Poly Nature Pack/Prefabs/ZLPP_Grass_I_1.prefab
  artifactKey: Guid(6dd89c29b7b2db641bf1987168581de2) Importer(815301076,1909f56bfc062723c751e8b465ee728b)
Start importing Assets/LowPolyGameScene/Z ! Low Poly Nature Pack/Prefabs/ZLPP_Grass_I_1.prefab using Guid(6dd89c29b7b2db641bf1987168581de2) Importer(815301076,1909f56bfc062723c751e8b465ee728b)  -> (artifact id: 'ff747c6a9699724a5031d9179c9505dc') in 0.018788 seconds 
========================================================================
Received Import Request.
  Time since last request: 0.000025 seconds.
  path: Assets/LowPolyGameScene/Z ! Low Poly Nature Pack/Prefabs/ZLPP_Grass_G_4.prefab
  artifactKey: Guid(26f08b2f8b2343b409beb099860b29d1) Importer(815301076,1909f56bfc062723c751e8b465ee728b)
Start importing Assets/LowPolyGameScene/Z ! Low Poly Nature Pack/Prefabs/ZLPP_Grass_G_4.prefab using Guid(26f08b2f8b2343b409beb099860b29d1) Importer(815301076,1909f56bfc062723c751e8b465ee728b)  -> (artifact id: 'b8fb71d20b5841a6f39e6901660b7817') in 0.019980 seconds 
========================================================================
Received Import Request.
  Time since last request: 0.000031 seconds.
  path: Assets/LowPolyGameScene/Z ! Low Poly Nature Pack/Prefabs/ZLPP_Grass_F_1.prefab
  artifactKey: Guid(6dab50f6862bdd943adac228617400fb) Importer(815301076,1909f56bfc062723c751e8b465ee728b)
Start importing Assets/LowPolyGameScene/Z ! Low Poly Nature Pack/Prefabs/ZLPP_Grass_F_1.prefab using Guid(6dab50f6862bdd943adac228617400fb) Importer(815301076,1909f56bfc062723c751e8b465ee728b)  -> (artifact id: 'bf5d6d3c520166d07dc13c5e2ad95211') in 0.019598 seconds 
========================================================================
Received Import Request.
  Time since last request: 0.000030 seconds.
  path: Assets/LowPolyGameScene/Z ! Low Poly Nature Pack/Prefabs/ZLPP_Grass_E_13.prefab
  artifactKey: Guid(ead3b40661018e345ac552725676a27b) Importer(815301076,1909f56bfc062723c751e8b465ee728b)
Start importing Assets/LowPolyGameScene/Z ! Low Poly Nature Pack/Prefabs/ZLPP_Grass_E_13.prefab using Guid(ead3b40661018e345ac552725676a27b) Importer(815301076,1909f56bfc062723c751e8b465ee728b)  -> (artifact id: '7a276a6fbd8689596ade50a0bb24aa47') in 0.016567 seconds 
========================================================================
Received Import Request.
  Time since last request: 0.000036 seconds.
  path: Assets/LowPolyGameScene/Z ! Low Poly Nature Pack/Prefabs/ZLPP_Grass_H_3.prefab
  artifactKey: Guid(872ff7ab7b7421d4881c97c672c9673f) Importer(815301076,1909f56bfc062723c751e8b465ee728b)
Start importing Assets/LowPolyGameScene/Z ! Low Poly Nature Pack/Prefabs/ZLPP_Grass_H_3.prefab using Guid(872ff7ab7b7421d4881c97c672c9673f) Importer(815301076,1909f56bfc062723c751e8b465ee728b)  -> (artifact id: '612c1d317f34432b325eafab3c1ca54e') in 0.015788 seconds 
========================================================================
Received Import Request.
  Time since last request: 0.000027 seconds.
  path: Assets/LowPolyGameScene/Z ! Low Poly Nature Pack/Prefabs/ZLPP_Grass_J_6.prefab
  artifactKey: Guid(a4d5d5366f47d5846929b8a56bf7b566) Importer(815301076,1909f56bfc062723c751e8b465ee728b)
Start importing Assets/LowPolyGameScene/Z ! Low Poly Nature Pack/Prefabs/ZLPP_Grass_J_6.prefab using Guid(a4d5d5366f47d5846929b8a56bf7b566) Importer(815301076,1909f56bfc062723c751e8b465ee728b)  -> (artifact id: '798407f4e4b7d5c43103c6df906d1153') in 0.017809 seconds 
Editor requested this worker to shutdown with reason: Scaling down because of idle timeout
AssetImportWorker is now disconnected from the server
Process exiting
Exiting without the bug reporter. Application will terminate with return code 0