Using pre-set license
Built from '2021.3/staging' branch; Version is '2021.3.15f1 (e8e88683f834) revision 15263878'; Using compiler version '192829333'; Build Type 'Release'
OS: 'Windows 11  (10.0.22621) 64bit CoreCountrySpecific' Language: 'zh' Physical Memory: 65154 MB
BatchMode: 1, IsHumanControllingUs: 0, StartBugReporterOnCrash: 0, Is64bit: 1, IsPro: 1

COMMAND LINE ARGUMENTS:
D:\Unity\UnityDifferentVertions\2021.3.15f1\Editor\Unity.exe
-adb2
-batchMode
-noUpm
-name
AssetImportWorker1
-projectPath
C:/Users/Zhangzonshuai/Documents/GitHub/GraduatingGameDesign/GraduatingDesignGame/Journey of Hand
-logFile
Logs/AssetImportWorker1.log
-srvPort
55541
Successfully changed project path to: C:/Users/Zhangzonshuai/Documents/GitHub/GraduatingGameDesign/GraduatingDesignGame/Journey of Hand
C:/Users/Zhangzonshuai/Documents/GitHub/GraduatingGameDesign/GraduatingDesignGame/Journey of Hand
[UnityMemory] Configuration Parameters - Can be set up in boot.config
    "memorysetup-bucket-allocator-granularity=16"
    "memorysetup-bucket-allocator-bucket-count=8"
    "memorysetup-bucket-allocator-block-size=33554432"
    "memorysetup-bucket-allocator-block-count=8"
    "memorysetup-main-allocator-block-size=16777216"
    "memorysetup-thread-allocator-block-size=16777216"
    "memorysetup-gfx-main-allocator-block-size=16777216"
    "memorysetup-gfx-thread-allocator-block-size=16777216"
    "memorysetup-cache-allocator-block-size=4194304"
    "memorysetup-typetree-allocator-block-size=2097152"
    "memorysetup-profiler-bucket-allocator-granularity=16"
    "memorysetup-profiler-bucket-allocator-bucket-count=8"
    "memorysetup-profiler-bucket-allocator-block-size=33554432"
    "memorysetup-profiler-bucket-allocator-block-count=8"
    "memorysetup-profiler-allocator-block-size=16777216"
    "memorysetup-profiler-editor-allocator-block-size=1048576"
    "memorysetup-temp-allocator-size-main=16777216"
    "memorysetup-job-temp-allocator-block-size=2097152"
    "memorysetup-job-temp-allocator-block-size-background=1048576"
    "memorysetup-job-temp-allocator-reduction-small-platforms=262144"
    "memorysetup-temp-allocator-size-background-worker=32768"
    "memorysetup-temp-allocator-size-job-worker=262144"
    "memorysetup-temp-allocator-size-preload-manager=33554432"
    "memorysetup-temp-allocator-size-nav-mesh-worker=65536"
    "memorysetup-temp-allocator-size-audio-worker=65536"
    "memorysetup-temp-allocator-size-cloud-worker=32768"
    "memorysetup-temp-allocator-size-gi-baking-worker=262144"
    "memorysetup-temp-allocator-size-gfx=262144"
Player connection [24184] Host "[IP] 192.168.1.29 [Port] 0 [Flags] 2 [Guid] 2334153780 [EditorId] 2334153780 [Version] 1048832 [Id] WindowsEditor(7,Barry) [Debug] 1 [PackageName] WindowsEditor [ProjectName] Editor" joined multi-casting on [225.0.0.222:54997]...

Player connection [24184] Host "[IP] 192.168.1.29 [Port] 0 [Flags] 2 [Guid] 2334153780 [EditorId] 2334153780 [Version] 1048832 [Id] WindowsEditor(7,Barry) [Debug] 1 [PackageName] WindowsEditor [ProjectName] Editor" joined alternative multi-casting on [225.0.0.222:34997]...

Refreshing native plugins compatible for Editor in 69.16 ms, found 3 plugins.
Preloading 0 native plugins for Editor in 0.00 ms.
Initialize engine version: 2021.3.15f1 (e8e88683f834)
[Subsystems] Discovering subsystems at path D:/Unity/UnityDifferentVertions/2021.3.15f1/Editor/Data/Resources/UnitySubsystems
[Subsystems] Discovering subsystems at path C:/Users/Zhangzonshuai/Documents/GitHub/GraduatingGameDesign/GraduatingDesignGame/Journey of Hand/Assets
GfxDevice: creating device client; threaded=0; jobified=0
Direct3D:
    Version:  Direct3D 11.0 [level 11.1]
    Renderer: NVIDIA GeForce RTX 4080 Laptop GPU (ID=0x27e0)
    Vendor:   NVIDIA
    VRAM:     12011 MB
    Driver:   31.0.15.2866
Initialize mono
Mono path[0] = 'D:/Unity/UnityDifferentVertions/2021.3.15f1/Editor/Data/Managed'
Mono path[1] = 'D:/Unity/UnityDifferentVertions/2021.3.15f1/Editor/Data/MonoBleedingEdge/lib/mono/unityjit-win32'
Mono config path = 'D:/Unity/UnityDifferentVertions/2021.3.15f1/Editor/Data/MonoBleedingEdge/etc'
Using monoOptions --debugger-agent=transport=dt_socket,embedding=1,server=y,suspend=n,address=127.0.0.1:56696
Begin MonoManager ReloadAssembly
Registering precompiled unity dll's ...
Register platform support module: D:/Unity/UnityDifferentVertions/2021.3.15f1/Editor/Data/PlaybackEngines/AndroidPlayer/UnityEditor.Android.Extensions.dll
Register platform support module: D:/Unity/UnityDifferentVertions/2021.3.15f1/Editor/Data/PlaybackEngines/iOSSupport/UnityEditor.iOS.Extensions.dll
Register platform support module: D:/Unity/UnityDifferentVertions/2021.3.15f1/Editor/Data/PlaybackEngines/WindowsStandaloneSupport/UnityEditor.WindowsStandalone.Extensions.dll
Registered in 0.001628 seconds.
Native extension for WindowsStandalone target not found
[usbmuxd] Start listen thread
[usbmuxd] Listen thread started
Native extension for iOS target not found
Native extension for Android target not found
Refreshing native plugins compatible for Editor in 66.51 ms, found 3 plugins.
Preloading 0 native plugins for Editor in 0.00 ms.
Mono: successfully reloaded assembly
- Completed reload, in  0.381 seconds
Domain Reload Profiling:
	ReloadAssembly (382ms)
		BeginReloadAssembly (47ms)
			ExecutionOrderSort (0ms)
			DisableScriptedObjects (0ms)
			BackupInstance (0ms)
			ReleaseScriptingObjects (0ms)
			CreateAndSetChildDomain (0ms)
		EndReloadAssembly (281ms)
			LoadAssemblies (47ms)
			RebuildTransferFunctionScriptingTraits (0ms)
			SetupTypeCache (61ms)
			ReleaseScriptCaches (0ms)
			RebuildScriptCaches (14ms)
			SetupLoadedEditorAssemblies (177ms)
				LogAssemblyErrors (0ms)
				InitializePlatformSupportModulesInManaged (33ms)
				SetLoadedEditorAssemblies (0ms)
				RefreshPlugins (67ms)
				BeforeProcessingInitializeOnLoad (1ms)
				ProcessInitializeOnLoadAttributes (50ms)
				ProcessInitializeOnLoadMethodAttributes (26ms)
				AfterProcessingInitializeOnLoad (0ms)
				EditorAssembliesLoaded (0ms)
			ExecutionOrderSort2 (0ms)
			AwakeInstancesAfterBackupRestoration (0ms)
Platform modules already initialized, skipping
Registering precompiled user dll's ...
Registered in 0.010007 seconds.
Begin MonoManager ReloadAssembly
Symbol file LoadedFromMemory doesn't match image C:\Users\Zhangzonshuai\Documents\GitHub\GraduatingGameDesign\GraduatingDesignGame\Journey of Hand\Library\PackageCache\com.unity.visualscripting@1.7.8\Editor\VisualScripting.Core\Dependencies\YamlDotNet\Unity.VisualScripting.YamlDotNet.dll
Symbol file LoadedFromMemory doesn't match image C:\Users\Zhangzonshuai\Documents\GitHub\GraduatingGameDesign\GraduatingDesignGame\Journey of Hand\Library\PackageCache\com.unity.visualscripting@1.7.8\Editor\VisualScripting.Core\Dependencies\DotNetZip\Unity.VisualScripting.IonicZip.dll
Native extension for WindowsStandalone target not found
Native extension for iOS target not found
Native extension for Android target not found
Refreshing native plugins compatible for Editor in 68.61 ms, found 3 plugins.
Preloading 0 native plugins for Editor in 0.00 ms.
Mono: successfully reloaded assembly
- Completed reload, in  0.947 seconds
Domain Reload Profiling:
	ReloadAssembly (948ms)
		BeginReloadAssembly (174ms)
			ExecutionOrderSort (0ms)
			DisableScriptedObjects (3ms)
			BackupInstance (0ms)
			ReleaseScriptingObjects (0ms)
			CreateAndSetChildDomain (115ms)
		EndReloadAssembly (717ms)
			LoadAssemblies (75ms)
			RebuildTransferFunctionScriptingTraits (0ms)
			SetupTypeCache (156ms)
			ReleaseScriptCaches (0ms)
			RebuildScriptCaches (38ms)
			SetupLoadedEditorAssemblies (431ms)
				LogAssemblyErrors (0ms)
				InitializePlatformSupportModulesInManaged (15ms)
				SetLoadedEditorAssemblies (0ms)
				RefreshPlugins (69ms)
				BeforeProcessingInitializeOnLoad (77ms)
				ProcessInitializeOnLoadAttributes (226ms)
				ProcessInitializeOnLoadMethodAttributes (44ms)
				AfterProcessingInitializeOnLoad (1ms)
				EditorAssembliesLoaded (0ms)
			ExecutionOrderSort2 (0ms)
			AwakeInstancesAfterBackupRestoration (6ms)
Platform modules already initialized, skipping
========================================================================
Worker process is ready to serve import requests
Launched and connected shader compiler UnityShaderCompiler.exe after 0.03 seconds
Refreshing native plugins compatible for Editor in 0.72 ms, found 3 plugins.
Preloading 0 native plugins for Editor in 0.00 ms.
Unloading 5587 Unused Serialized files (Serialized files now loaded: 0)
Unloading 60 unused Assets / (0.9 MB). Loaded Objects now: 6034.
Memory consumption went from 303.2 MB to 302.3 MB.
Total: 3.005600 ms (FindLiveObjects: 0.250100 ms CreateObjectMapping: 0.085700 ms MarkObjects: 2.456200 ms  DeleteObjects: 0.213100 ms)

AssetImportParameters requested are different than current active one (requested -> active):
  custom:video-decoder-ogg-theora: a1e56fd34408186e4bbccfd4996cb3dc -> 
  custom:container-muxer-webm: aa71ff27fc2769a1b78a27578f13a17b -> 
  custom:container-demuxer-webm: 4f35f7cbe854078d1ac9338744f61a02 -> 
  custom:video-encoder-webm-vp8: eb34c28f22e8b96e1ab97ce403110664 -> 
  custom:video-codec-MediaFoundation-h265: 746d11721c4dcdbdad8f713fa42b33f4 -> 
  custom:audio-encoder-webm-vorbis: bf7c407c2cedff20999df2af8eb42d56 -> 
  custom:framework-win-MediaFoundation: 216162199b28c13a410421893ffa2e32 -> 
  custom:container-demuxer-ogg: 62fdf1f143b41e24485cea50d1cbac27 -> 
  custom:video-decoder-webm-vp8: 9c59270c3fd7afecdb556c50c9e8de78 -> 
  custom:audio-decoder-ogg-vorbis: bf7c407c2cedff20999df2af8eb42d56 -> 
========================================================================
Received Import Request.
  Time since last request: 190191.847761 seconds.
  path: Assets/LowPolyGameScene/Z ! Low Poly Nature Pack/Prefabs/ZLPP_Grass_K_02.prefab
  artifactKey: Guid(41af2480006e91748babecc2881ddc6d) Importer(815301076,1909f56bfc062723c751e8b465ee728b)
Start importing Assets/LowPolyGameScene/Z ! Low Poly Nature Pack/Prefabs/ZLPP_Grass_K_02.prefab using Guid(41af2480006e91748babecc2881ddc6d) Importer(815301076,1909f56bfc062723c751e8b465ee728b)  -> (artifact id: 'c5d0baf4cf41ff48110576b493bc6783') in 0.680897 seconds 
========================================================================
Received Import Request.
  Time since last request: 1.138042 seconds.
  path: Assets/LowPolyGameScene/Z ! Low Poly Nature Pack/Prefabs/ZLPP_Grass_K_06.prefab
  artifactKey: Guid(631b272f312b6f144a8383611f1d335f) Importer(815301076,1909f56bfc062723c751e8b465ee728b)
Start importing Assets/LowPolyGameScene/Z ! Low Poly Nature Pack/Prefabs/ZLPP_Grass_K_06.prefab using Guid(631b272f312b6f144a8383611f1d335f) Importer(815301076,1909f56bfc062723c751e8b465ee728b)  -> (artifact id: '2f7e16b7e93e783b895e2f36a39a6a3c') in 0.008594 seconds 
========================================================================
Received Import Request.
  Time since last request: 0.014294 seconds.
  path: Assets/LowPolyGameScene/Z ! Low Poly Nature Pack/Prefabs/ZLPP_Grass_K_09.prefab
  artifactKey: Guid(ee730f65fc16b17449627fa6020339f7) Importer(815301076,1909f56bfc062723c751e8b465ee728b)
Start importing Assets/LowPolyGameScene/Z ! Low Poly Nature Pack/Prefabs/ZLPP_Grass_K_09.prefab using Guid(ee730f65fc16b17449627fa6020339f7) Importer(815301076,1909f56bfc062723c751e8b465ee728b)  -> (artifact id: '9c05e5f3423d24c28d7b789ec709c325') in 0.007902 seconds 
========================================================================
Received Import Request.
  Time since last request: 0.000018 seconds.
  path: Assets/LowPolyGameScene/Z ! Low Poly Nature Pack/Prefabs/ZLPP_Grass_K_12.prefab
  artifactKey: Guid(292dc1d659adf2744b552bc9d1001a6d) Importer(815301076,1909f56bfc062723c751e8b465ee728b)
Start importing Assets/LowPolyGameScene/Z ! Low Poly Nature Pack/Prefabs/ZLPP_Grass_K_12.prefab using Guid(292dc1d659adf2744b552bc9d1001a6d) Importer(815301076,1909f56bfc062723c751e8b465ee728b)  -> (artifact id: 'cb332061fb3a0095b3fed81154933ede') in 0.010192 seconds 
========================================================================
Received Import Request.
  Time since last request: 0.000016 seconds.
  path: Assets/LowPolyGameScene/Z ! Low Poly Nature Pack/Prefabs/ZLPP_Grass_K_08.prefab
  artifactKey: Guid(3c54f08578ecc4d498ca03d09d58c5ae) Importer(815301076,1909f56bfc062723c751e8b465ee728b)
Start importing Assets/LowPolyGameScene/Z ! Low Poly Nature Pack/Prefabs/ZLPP_Grass_K_08.prefab using Guid(3c54f08578ecc4d498ca03d09d58c5ae) Importer(815301076,1909f56bfc062723c751e8b465ee728b)  -> (artifact id: '1e2dfef336bb63d5407bfabe2593a41f') in 0.008668 seconds 
========================================================================
Received Import Request.
  Time since last request: 0.015397 seconds.
  path: Assets/LowPolyGameScene/Z ! Low Poly Nature Pack/Prefabs/ZLPP_Grass_K_13.prefab
  artifactKey: Guid(c9c0dbf8b8ebb684180239d11348a14b) Importer(815301076,1909f56bfc062723c751e8b465ee728b)
Start importing Assets/LowPolyGameScene/Z ! Low Poly Nature Pack/Prefabs/ZLPP_Grass_K_13.prefab using Guid(c9c0dbf8b8ebb684180239d11348a14b) Importer(815301076,1909f56bfc062723c751e8b465ee728b)  -> (artifact id: '8a9c964e32af30de6201b0ead9feee6f') in 0.013745 seconds 
========================================================================
Received Import Request.
  Time since last request: 0.000016 seconds.
  path: Assets/LowPolyGameScene/Z ! Low Poly Nature Pack/Prefabs/ZLPP_Grass_K_16.prefab
  artifactKey: Guid(b20cecfe58db95f489bd1e78105af1d1) Importer(815301076,1909f56bfc062723c751e8b465ee728b)
Start importing Assets/LowPolyGameScene/Z ! Low Poly Nature Pack/Prefabs/ZLPP_Grass_K_16.prefab using Guid(b20cecfe58db95f489bd1e78105af1d1) Importer(815301076,1909f56bfc062723c751e8b465ee728b)  -> (artifact id: '0ab4075c1c80a2ec2a92adbc8e72b180') in 0.053136 seconds 
========================================================================
Received Import Request.
  Time since last request: 0.000018 seconds.
  path: Assets/LowPolyGameScene/Z ! Low Poly Nature Pack/Prefabs/ZLPP_Grass_K_14.prefab
  artifactKey: Guid(d3f9b4a40a129e146a874d8a03fb1a00) Importer(815301076,1909f56bfc062723c751e8b465ee728b)
Start importing Assets/LowPolyGameScene/Z ! Low Poly Nature Pack/Prefabs/ZLPP_Grass_K_14.prefab using Guid(d3f9b4a40a129e146a874d8a03fb1a00) Importer(815301076,1909f56bfc062723c751e8b465ee728b)  -> (artifact id: '843e38f690b1c641a95eef2e7deb8723') in 0.016069 seconds 
========================================================================
Received Import Request.
  Time since last request: 0.000016 seconds.
  path: Assets/LowPolyGameScene/Z ! Low Poly Nature Pack/Prefabs/ZLPP_Grass_K_19.prefab
  artifactKey: Guid(b32fc51cf339f1a478b9100dfd6810e8) Importer(815301076,1909f56bfc062723c751e8b465ee728b)
Start importing Assets/LowPolyGameScene/Z ! Low Poly Nature Pack/Prefabs/ZLPP_Grass_K_19.prefab using Guid(b32fc51cf339f1a478b9100dfd6810e8) Importer(815301076,1909f56bfc062723c751e8b465ee728b)  -> (artifact id: '474c99a5897eba6cda2b61369ae196ed') in 0.007582 seconds 
========================================================================
Received Import Request.
  Time since last request: 0.308700 seconds.
  path: Assets/LowPolyGameScene/Z ! Low Poly Nature Pack/Prefabs/ZLPP_Grass_K_22.prefab
  artifactKey: Guid(e957d39c13399c24ea541b96321be0d1) Importer(815301076,1909f56bfc062723c751e8b465ee728b)
Start importing Assets/LowPolyGameScene/Z ! Low Poly Nature Pack/Prefabs/ZLPP_Grass_K_22.prefab using Guid(e957d39c13399c24ea541b96321be0d1) Importer(815301076,1909f56bfc062723c751e8b465ee728b)  -> (artifact id: '107bee33fcb9b0dfc3c83d0b34a16456') in 0.008605 seconds 
========================================================================
Received Import Request.
  Time since last request: 45.416854 seconds.
  path: Assets/LowPolyGameScene/SimpleLowPolyNature/Prefabs/Flower3.prefab
  artifactKey: Guid(221bd8eee906efe489a9f1c8aad0ec09) Importer(815301076,1909f56bfc062723c751e8b465ee728b)
Start importing Assets/LowPolyGameScene/SimpleLowPolyNature/Prefabs/Flower3.prefab using Guid(221bd8eee906efe489a9f1c8aad0ec09) Importer(815301076,1909f56bfc062723c751e8b465ee728b)  -> (artifact id: 'ef965f0cdbd0a63cea45d2ab54e0c206') in 0.159475 seconds 
========================================================================
Received Import Request.
  Time since last request: 0.000020 seconds.
  path: Assets/LowPolyGameScene/SimpleLowPolyNature/Prefabs/Tree2.prefab
  artifactKey: Guid(3e2accafa3a5f1b40ba86cf39bcb49a7) Importer(815301076,1909f56bfc062723c751e8b465ee728b)
Start importing Assets/LowPolyGameScene/SimpleLowPolyNature/Prefabs/Tree2.prefab using Guid(3e2accafa3a5f1b40ba86cf39bcb49a7) Importer(815301076,1909f56bfc062723c751e8b465ee728b)  -> (artifact id: '25f996f2989515102779f54c7c72e011') in 0.064319 seconds 
========================================================================
Received Import Request.
  Time since last request: 0.000024 seconds.
  path: Assets/LowPolyGameScene/SimpleLowPolyNature/Prefabs/LightingPlant1.prefab
  artifactKey: Guid(46ca9bca5d4d6824c9973375d741a3df) Importer(815301076,1909f56bfc062723c751e8b465ee728b)
Start importing Assets/LowPolyGameScene/SimpleLowPolyNature/Prefabs/LightingPlant1.prefab using Guid(46ca9bca5d4d6824c9973375d741a3df) Importer(815301076,1909f56bfc062723c751e8b465ee728b)  -> (artifact id: '56551db6071b89c9d5b0a764339c3b8b') in 0.102195 seconds 
========================================================================
Received Import Request.
  Time since last request: 0.000027 seconds.
  path: Assets/LowPolyGameScene/SimpleLowPolyNature/Prefabs/Rock6.prefab
  artifactKey: Guid(3f999b6beafe9d249bf9c3a91ff26ff6) Importer(815301076,1909f56bfc062723c751e8b465ee728b)
Start importing Assets/LowPolyGameScene/SimpleLowPolyNature/Prefabs/Rock6.prefab using Guid(3f999b6beafe9d249bf9c3a91ff26ff6) Importer(815301076,1909f56bfc062723c751e8b465ee728b)  -> (artifact id: 'baff45067290b4393f3a133c7066d673') in 0.015565 seconds 
========================================================================
Received Import Request.
  Time since last request: 0.000034 seconds.
  path: Assets/LowPolyGameScene/SimpleLowPolyNature/Prefabs/TreePink1.prefab
  artifactKey: Guid(ccebfc242bed46749a5dcef87dd83423) Importer(815301076,1909f56bfc062723c751e8b465ee728b)
Start importing Assets/LowPolyGameScene/SimpleLowPolyNature/Prefabs/TreePink1.prefab using Guid(ccebfc242bed46749a5dcef87dd83423) Importer(815301076,1909f56bfc062723c751e8b465ee728b)  -> (artifact id: '73e72c61bdb0ec4518c4c8df711b821e') in 0.008102 seconds 
========================================================================
Received Import Request.
  Time since last request: 0.000018 seconds.
  path: Assets/LowPolyGameScene/SimpleLowPolyNature/Prefabs/Rock5.prefab
  artifactKey: Guid(daf661d478fbcbf4791f00721500cb43) Importer(815301076,1909f56bfc062723c751e8b465ee728b)
Start importing Assets/LowPolyGameScene/SimpleLowPolyNature/Prefabs/Rock5.prefab using Guid(daf661d478fbcbf4791f00721500cb43) Importer(815301076,1909f56bfc062723c751e8b465ee728b)  -> (artifact id: '80784a3daab5d91d7105ef687ebf4af9') in 0.008367 seconds 
========================================================================
Received Import Request.
  Time since last request: 0.000020 seconds.
  path: Assets/LowPolyGameScene/SimpleLowPolyNature/Prefabs/Mushroom1.prefab
  artifactKey: Guid(1ac31fb474aead74ab0101d0d6546c52) Importer(815301076,1909f56bfc062723c751e8b465ee728b)
Start importing Assets/LowPolyGameScene/SimpleLowPolyNature/Prefabs/Mushroom1.prefab using Guid(1ac31fb474aead74ab0101d0d6546c52) Importer(815301076,1909f56bfc062723c751e8b465ee728b)  -> (artifact id: '30ba500089f38b44a11a12b44c0481f9') in 0.007974 seconds 
========================================================================
Received Import Request.
  Time since last request: 0.000024 seconds.
  path: Assets/LowPolyGameScene/SimpleLowPolyNature/Prefabs/PlantEx3.prefab
  artifactKey: Guid(87b04a6b131597e4db952f9810390439) Importer(815301076,1909f56bfc062723c751e8b465ee728b)
Start importing Assets/LowPolyGameScene/SimpleLowPolyNature/Prefabs/PlantEx3.prefab using Guid(87b04a6b131597e4db952f9810390439) Importer(815301076,1909f56bfc062723c751e8b465ee728b)  -> (artifact id: '0c7d57ff17d9f082b844202f3f1dd4ba') in 0.009031 seconds 
========================================================================
Received Import Request.
  Time since last request: 0.000021 seconds.
  path: Assets/LowPolyGameScene/SimpleLowPolyNature/Prefabs/Tree1.prefab
  artifactKey: Guid(5983c8a04c0e73047a6c860b9cd9aaad) Importer(815301076,1909f56bfc062723c751e8b465ee728b)
Start importing Assets/LowPolyGameScene/SimpleLowPolyNature/Prefabs/Tree1.prefab using Guid(5983c8a04c0e73047a6c860b9cd9aaad) Importer(815301076,1909f56bfc062723c751e8b465ee728b)  -> (artifact id: '51380269226cd84180533fe0122619b3') in 0.008840 seconds 
========================================================================
Received Import Request.
  Time since last request: 0.000019 seconds.
  path: Assets/LowPolyGameScene/SimpleLowPolyNature/Prefabs/Grass3.prefab
  artifactKey: Guid(aca4c69ba2792044da19860502518138) Importer(815301076,1909f56bfc062723c751e8b465ee728b)
Start importing Assets/LowPolyGameScene/SimpleLowPolyNature/Prefabs/Grass3.prefab using Guid(aca4c69ba2792044da19860502518138) Importer(815301076,1909f56bfc062723c751e8b465ee728b)  -> (artifact id: '2731f8c2450c5ad57805ad629470cdf1') in 0.009869 seconds 
========================================================================
Received Import Request.
  Time since last request: 0.000026 seconds.
  path: Assets/LowPolyGameScene/SimpleLowPolyNature/Prefabs/PlantEx2.prefab
  artifactKey: Guid(6ab95afc5b621784ca0606b0b15afde3) Importer(815301076,1909f56bfc062723c751e8b465ee728b)
Start importing Assets/LowPolyGameScene/SimpleLowPolyNature/Prefabs/PlantEx2.prefab using Guid(6ab95afc5b621784ca0606b0b15afde3) Importer(815301076,1909f56bfc062723c751e8b465ee728b)  -> (artifact id: 'fdb429cfc2424b4bf47973908c316855') in 0.007569 seconds 
========================================================================
Received Import Request.
  Time since last request: 0.000022 seconds.
  path: Assets/LowPolyGameScene/SimpleLowPolyNature/Prefabs/Rock3.prefab
  artifactKey: Guid(1cc366ffed1f2924690139d67a88b254) Importer(815301076,1909f56bfc062723c751e8b465ee728b)
Start importing Assets/LowPolyGameScene/SimpleLowPolyNature/Prefabs/Rock3.prefab using Guid(1cc366ffed1f2924690139d67a88b254) Importer(815301076,1909f56bfc062723c751e8b465ee728b)  -> (artifact id: '8bdfefb65145b092a0742978e238ce7c') in 0.007494 seconds 
Editor requested this worker to shutdown with reason: Scaling down because of idle timeout
AssetImportWorker is now disconnected from the server
Process exiting
Exiting without the bug reporter. Application will terminate with return code 0